[2025-09-24T03:35:49.550Z] [bootstrap-P3] [INFO] Bootstrap service initialized | {"peerId":"P3","restPort":9005,"directoryServer":"http://localhost:9000"}
[2025-09-24T03:35:51.736Z] [bootstrap-P3] [INFO] Attempting to connect to P2P network
[2025-09-24T03:35:51.737Z] [bootstrap-P3] [DEBUG] Making GET request to http://localhost:9000/health | {"data":null,"headers":{}}
[2025-09-24T03:35:51.753Z] [bootstrap-P3] [DEBUG] Request successful | {"status":200,"data":{"status":"ok","message":"Directory server is healthy","timestamp":"2025-09-24T03:35:51.749Z"}}
[2025-09-24T03:35:51.754Z] [bootstrap-P3] [DEBUG] Current files retrieved | {"fileCount":1,"files":["sample3.txt"]}
[2025-09-24T03:35:51.754Z] [bootstrap-P3] [INFO] Registering with directory server | {"peerId":"P3","fileCount":1}
[2025-09-24T03:35:51.755Z] [bootstrap-P3] [DEBUG] Making POST request to http://localhost:9000/register | {"data":{"peer":"P3","files":["sample3.txt"],"grpc_port":9006,"rest_url":"http://localhost:9005"},"headers":{}}
[2025-09-24T03:35:51.760Z] [bootstrap-P3] [DEBUG] Request successful | {"status":200,"data":{"success":true,"message":"Peer registered successfully"}}
[2025-09-24T03:35:51.760Z] [bootstrap-P3] [INFO] Successfully connected to P2P network | {"peerId":"P3","directoryServer":"http://localhost:9000"}
[2025-09-24T03:35:51.760Z] [bootstrap-P3] [INFO] Starting periodic registration updates | {"interval":30000}
[2025-09-24T03:35:51.760Z] [bootstrap-P3] [INFO] Successfully registered with directory server
[2025-09-24T03:36:21.773Z] [bootstrap-P3] [DEBUG] Current files retrieved | {"fileCount":1,"files":["sample3.txt"]}
[2025-09-24T03:36:21.773Z] [bootstrap-P3] [DEBUG] Making POST request to http://localhost:9000/register | {"data":{"peer":"P3","files":["sample3.txt"],"grpc_port":9006,"rest_url":"http://localhost:9005"},"headers":{}}
[2025-09-24T03:36:21.773Z] [bootstrap-P3] [INFO] Updating registration | {"peerId":"P3","fileCount":1}
[2025-09-24T03:36:21.790Z] [bootstrap-P3] [DEBUG] Request successful | {"status":200,"data":{"success":true,"message":"Peer registered successfully"}}
[2025-09-24T03:36:21.790Z] [bootstrap-P3] [INFO] Registration updated successfully
[2025-09-24T03:36:51.784Z] [bootstrap-P3] [DEBUG] Current files retrieved | {"fileCount":1,"files":["sample3.txt"]}
[2025-09-24T03:36:51.784Z] [bootstrap-P3] [INFO] Updating registration | {"peerId":"P3","fileCount":1}
[2025-09-24T03:36:51.784Z] [bootstrap-P3] [DEBUG] Making POST request to http://localhost:9000/register | {"data":{"peer":"P3","files":["sample3.txt"],"grpc_port":9006,"rest_url":"http://localhost:9005"},"headers":{}}
[2025-09-24T03:36:51.797Z] [bootstrap-P3] [DEBUG] Request successful | {"status":200,"data":{"success":true,"message":"Peer registered successfully"}}
[2025-09-24T03:36:51.798Z] [bootstrap-P3] [INFO] Registration updated successfully
[2025-09-24T03:37:21.796Z] [bootstrap-P3] [DEBUG] Current files retrieved | {"fileCount":1,"files":["sample3.txt"]}
[2025-09-24T03:37:21.797Z] [bootstrap-P3] [INFO] Updating registration | {"peerId":"P3","fileCount":1}
[2025-09-24T03:37:21.797Z] [bootstrap-P3] [DEBUG] Making POST request to http://localhost:9000/register | {"data":{"peer":"P3","files":["sample3.txt"],"grpc_port":9006,"rest_url":"http://localhost:9005"},"headers":{}}
[2025-09-24T03:37:21.807Z] [bootstrap-P3] [INFO] Registration updated successfully
[2025-09-24T03:37:21.807Z] [bootstrap-P3] [DEBUG] Request successful | {"status":200,"data":{"success":true,"message":"Peer registered successfully"}}
[2025-09-24T03:37:51.804Z] [bootstrap-P3] [DEBUG] Current files retrieved | {"fileCount":1,"files":["sample3.txt"]}
[2025-09-24T03:37:51.805Z] [bootstrap-P3] [INFO] Updating registration | {"peerId":"P3","fileCount":1}
[2025-09-24T03:37:51.805Z] [bootstrap-P3] [DEBUG] Making POST request to http://localhost:9000/register | {"data":{"peer":"P3","files":["sample3.txt"],"grpc_port":9006,"rest_url":"http://localhost:9005"},"headers":{}}
[2025-09-24T03:37:51.817Z] [bootstrap-P3] [DEBUG] Request successful | {"status":200,"data":{"success":true,"message":"Peer registered successfully"}}
[2025-09-24T03:37:51.817Z] [bootstrap-P3] [INFO] Registration updated successfully
[2025-09-24T03:38:21.821Z] [bootstrap-P3] [DEBUG] Current files retrieved | {"fileCount":1,"files":["sample3.txt"]}
[2025-09-24T03:38:21.823Z] [bootstrap-P3] [INFO] Updating registration | {"peerId":"P3","fileCount":1}
[2025-09-24T03:38:21.825Z] [bootstrap-P3] [DEBUG] Making POST request to http://localhost:9000/register | {"data":{"peer":"P3","files":["sample3.txt"],"grpc_port":9006,"rest_url":"http://localhost:9005"},"headers":{}}
[2025-09-24T03:38:21.845Z] [bootstrap-P3] [DEBUG] Request successful | {"status":200,"data":{"success":true,"message":"Peer registered successfully"}}
[2025-09-24T03:38:21.846Z] [bootstrap-P3] [INFO] Registration updated successfully
[2025-09-24T03:38:51.807Z] [bootstrap-P3] [DEBUG] Current files retrieved | {"fileCount":1,"files":["sample3.txt"]}
[2025-09-24T03:38:51.808Z] [bootstrap-P3] [INFO] Updating registration | {"peerId":"P3","fileCount":1}
[2025-09-24T03:38:51.808Z] [bootstrap-P3] [DEBUG] Making POST request to http://localhost:9000/register | {"data":{"peer":"P3","files":["sample3.txt"],"grpc_port":9006,"rest_url":"http://localhost:9005"},"headers":{}}
[2025-09-24T03:38:51.814Z] [bootstrap-P3] [DEBUG] Request successful | {"status":200,"data":{"success":true,"message":"Peer registered successfully"}}
[2025-09-24T03:38:51.815Z] [bootstrap-P3] [INFO] Registration updated successfully
[2025-09-24T03:39:21.820Z] [bootstrap-P3] [DEBUG] Current files retrieved | {"fileCount":1,"files":["sample3.txt"]}
[2025-09-24T03:39:21.821Z] [bootstrap-P3] [INFO] Updating registration | {"peerId":"P3","fileCount":1}
[2025-09-24T03:39:21.821Z] [bootstrap-P3] [DEBUG] Making POST request to http://localhost:9000/register | {"data":{"peer":"P3","files":["sample3.txt"],"grpc_port":9006,"rest_url":"http://localhost:9005"},"headers":{}}
[2025-09-24T03:39:21.852Z] [bootstrap-P3] [DEBUG] Request successful | {"status":200,"data":{"success":true,"message":"Peer registered successfully"}}
[2025-09-24T03:39:21.852Z] [bootstrap-P3] [INFO] Registration updated successfully
[2025-09-24T03:39:51.829Z] [bootstrap-P3] [DEBUG] Current files retrieved | {"fileCount":1,"files":["sample3.txt"]}
[2025-09-24T03:39:51.829Z] [bootstrap-P3] [INFO] Updating registration | {"peerId":"P3","fileCount":1}
[2025-09-24T03:39:51.830Z] [bootstrap-P3] [DEBUG] Making POST request to http://localhost:9000/register | {"data":{"peer":"P3","files":["sample3.txt"],"grpc_port":9006,"rest_url":"http://localhost:9005"},"headers":{}}
[2025-09-24T03:39:51.865Z] [bootstrap-P3] [INFO] Registration updated successfully
[2025-09-24T03:39:51.865Z] [bootstrap-P3] [DEBUG] Request successful | {"status":200,"data":{"success":true,"message":"Peer registered successfully"}}
[2025-09-24T03:40:21.840Z] [bootstrap-P3] [DEBUG] Current files retrieved | {"fileCount":1,"files":["sample3.txt"]}
[2025-09-24T03:40:21.840Z] [bootstrap-P3] [INFO] Updating registration | {"peerId":"P3","fileCount":1}
[2025-09-24T03:40:21.841Z] [bootstrap-P3] [DEBUG] Making POST request to http://localhost:9000/register | {"data":{"peer":"P3","files":["sample3.txt"],"grpc_port":9006,"rest_url":"http://localhost:9005"},"headers":{}}
[2025-09-24T03:40:21.862Z] [bootstrap-P3] [DEBUG] Request successful | {"status":200,"data":{"success":true,"message":"Peer registered successfully"}}
[2025-09-24T03:40:21.862Z] [bootstrap-P3] [INFO] Registration updated successfully
[2025-09-24T03:40:51.843Z] [bootstrap-P3] [DEBUG] Current files retrieved | {"fileCount":1,"files":["sample3.txt"]}
[2025-09-24T03:40:51.844Z] [bootstrap-P3] [INFO] Updating registration | {"peerId":"P3","fileCount":1}
[2025-09-24T03:40:51.844Z] [bootstrap-P3] [DEBUG] Making POST request to http://localhost:9000/register | {"data":{"peer":"P3","files":["sample3.txt"],"grpc_port":9006,"rest_url":"http://localhost:9005"},"headers":{}}
[2025-09-24T03:40:51.869Z] [bootstrap-P3] [DEBUG] Request successful | {"status":200,"data":{"success":true,"message":"Peer registered successfully"}}
[2025-09-24T03:40:51.869Z] [bootstrap-P3] [INFO] Registration updated successfully
[2025-09-24T03:41:21.846Z] [bootstrap-P3] [DEBUG] Current files retrieved | {"fileCount":1,"files":["sample3.txt"]}
[2025-09-24T03:41:21.846Z] [bootstrap-P3] [INFO] Updating registration | {"peerId":"P3","fileCount":1}
[2025-09-24T03:41:21.846Z] [bootstrap-P3] [DEBUG] Making POST request to http://localhost:9000/register | {"data":{"peer":"P3","files":["sample3.txt"],"grpc_port":9006,"rest_url":"http://localhost:9005"},"headers":{}}
[2025-09-24T03:41:21.855Z] [bootstrap-P3] [DEBUG] Request successful | {"status":200,"data":{"success":true,"message":"Peer registered successfully"}}
[2025-09-24T03:41:21.855Z] [bootstrap-P3] [INFO] Registration updated successfully
[2025-09-24T03:41:51.862Z] [bootstrap-P3] [DEBUG] Current files retrieved | {"fileCount":1,"files":["sample3.txt"]}
[2025-09-24T03:41:51.862Z] [bootstrap-P3] [INFO] Updating registration | {"peerId":"P3","fileCount":1}
[2025-09-24T03:41:51.862Z] [bootstrap-P3] [DEBUG] Making POST request to http://localhost:9000/register | {"data":{"peer":"P3","files":["sample3.txt"],"grpc_port":9006,"rest_url":"http://localhost:9005"},"headers":{}}
[2025-09-24T03:41:51.874Z] [bootstrap-P3] [DEBUG] Request successful | {"status":200,"data":{"success":true,"message":"Peer registered successfully"}}
[2025-09-24T03:41:51.874Z] [bootstrap-P3] [INFO] Registration updated successfully
[2025-09-24T03:42:21.863Z] [bootstrap-P3] [DEBUG] Current files retrieved | {"fileCount":1,"files":["sample3.txt"]}
[2025-09-24T03:42:21.863Z] [bootstrap-P3] [INFO] Updating registration | {"peerId":"P3","fileCount":1}
[2025-09-24T03:42:21.864Z] [bootstrap-P3] [DEBUG] Making POST request to http://localhost:9000/register | {"data":{"peer":"P3","files":["sample3.txt"],"grpc_port":9006,"rest_url":"http://localhost:9005"},"headers":{}}
[2025-09-24T03:42:21.881Z] [bootstrap-P3] [DEBUG] Request successful | {"status":200,"data":{"success":true,"message":"Peer registered successfully"}}
[2025-09-24T03:42:21.881Z] [bootstrap-P3] [INFO] Registration updated successfully
[2025-09-24T03:42:51.876Z] [bootstrap-P3] [DEBUG] Current files retrieved | {"fileCount":1,"files":["sample3.txt"]}
[2025-09-24T03:42:51.876Z] [bootstrap-P3] [INFO] Updating registration | {"peerId":"P3","fileCount":1}
[2025-09-24T03:42:51.877Z] [bootstrap-P3] [DEBUG] Making POST request to http://localhost:9000/register | {"data":{"peer":"P3","files":["sample3.txt"],"grpc_port":9006,"rest_url":"http://localhost:9005"},"headers":{}}
[2025-09-24T03:42:51.885Z] [bootstrap-P3] [DEBUG] Request successful | {"status":200,"data":{"success":true,"message":"Peer registered successfully"}}
[2025-09-24T03:42:51.885Z] [bootstrap-P3] [INFO] Registration updated successfully
[2025-09-24T03:43:21.879Z] [bootstrap-P3] [DEBUG] Current files retrieved | {"fileCount":1,"files":["sample3.txt"]}
[2025-09-24T03:43:21.879Z] [bootstrap-P3] [INFO] Updating registration | {"peerId":"P3","fileCount":1}
[2025-09-24T03:43:21.879Z] [bootstrap-P3] [DEBUG] Making POST request to http://localhost:9000/register | {"data":{"peer":"P3","files":["sample3.txt"],"grpc_port":9006,"rest_url":"http://localhost:9005"},"headers":{}}
[2025-09-24T03:43:21.889Z] [bootstrap-P3] [INFO] Registration updated successfully
[2025-09-24T03:43:21.888Z] [bootstrap-P3] [DEBUG] Request successful | {"status":200,"data":{"success":true,"message":"Peer registered successfully"}}
[2025-09-24T03:43:51.880Z] [bootstrap-P3] [DEBUG] Current files retrieved | {"fileCount":1,"files":["sample3.txt"]}
[2025-09-24T03:43:51.880Z] [bootstrap-P3] [INFO] Updating registration | {"peerId":"P3","fileCount":1}
[2025-09-24T03:43:51.880Z] [bootstrap-P3] [DEBUG] Making POST request to http://localhost:9000/register | {"data":{"peer":"P3","files":["sample3.txt"],"grpc_port":9006,"rest_url":"http://localhost:9005"},"headers":{}}
[2025-09-24T03:43:51.888Z] [bootstrap-P3] [DEBUG] Request successful | {"status":200,"data":{"success":true,"message":"Peer registered successfully"}}
[2025-09-24T03:43:51.888Z] [bootstrap-P3] [INFO] Registration updated successfully
[2025-09-24T03:46:24.051Z] [bootstrap-P3] [INFO] Bootstrap service initialized | {"peerId":"P3","restPort":9005,"directoryServer":"http://localhost:9000"}
[2025-09-24T03:46:26.232Z] [bootstrap-P3] [INFO] Attempting to connect to P2P network
[2025-09-24T03:46:26.234Z] [bootstrap-P3] [DEBUG] Making GET request to http://localhost:9000/health | {"data":null,"headers":{}}
[2025-09-24T03:46:26.257Z] [bootstrap-P3] [DEBUG] Request successful | {"status":200,"data":{"status":"ok","message":"Directory server is healthy","timestamp":"2025-09-24T03:46:26.252Z"}}
[2025-09-24T03:46:26.258Z] [bootstrap-P3] [DEBUG] Current files retrieved | {"fileCount":1,"files":["sample3.txt"]}
[2025-09-24T03:46:26.260Z] [bootstrap-P3] [DEBUG] Making POST request to http://localhost:9000/register | {"data":{"peer":"P3","files":["sample3.txt"],"grpc_port":9006,"rest_url":"http://localhost:9005"},"headers":{}}
[2025-09-24T03:46:26.259Z] [bootstrap-P3] [INFO] Registering with directory server | {"peerId":"P3","fileCount":1}
[2025-09-24T03:46:26.265Z] [bootstrap-P3] [DEBUG] Request successful | {"status":200,"data":{"success":true,"message":"Peer registered successfully"}}
[2025-09-24T03:46:26.265Z] [bootstrap-P3] [INFO] Successfully registered with directory server
[2025-09-24T03:46:26.265Z] [bootstrap-P3] [INFO] Successfully connected to P2P network | {"peerId":"P3","directoryServer":"http://localhost:9000"}
[2025-09-24T03:46:26.266Z] [bootstrap-P3] [INFO] Starting periodic registration updates | {"interval":30000}
[2025-09-24T03:46:56.302Z] [bootstrap-P3] [DEBUG] Current files retrieved | {"fileCount":1,"files":["sample3.txt"]}
[2025-09-24T03:46:56.303Z] [bootstrap-P3] [INFO] Updating registration | {"peerId":"P3","fileCount":1}
[2025-09-24T03:46:56.304Z] [bootstrap-P3] [DEBUG] Making POST request to http://localhost:9000/register | {"data":{"peer":"P3","files":["sample3.txt"],"grpc_port":9006,"rest_url":"http://localhost:9005"},"headers":{}}
[2025-09-24T03:46:56.344Z] [bootstrap-P3] [DEBUG] Request successful | {"status":200,"data":{"success":true,"message":"Peer registered successfully"}}
[2025-09-24T03:46:56.345Z] [bootstrap-P3] [INFO] Registration updated successfully
[2025-09-24T03:47:26.298Z] [bootstrap-P3] [DEBUG] Current files retrieved | {"fileCount":1,"files":["sample3.txt"]}
[2025-09-24T03:47:26.299Z] [bootstrap-P3] [INFO] Updating registration | {"peerId":"P3","fileCount":1}
[2025-09-24T03:47:26.300Z] [bootstrap-P3] [DEBUG] Making POST request to http://localhost:9000/register | {"data":{"peer":"P3","files":["sample3.txt"],"grpc_port":9006,"rest_url":"http://localhost:9005"},"headers":{}}
[2025-09-24T03:47:26.327Z] [bootstrap-P3] [DEBUG] Request successful | {"status":200,"data":{"success":true,"message":"Peer registered successfully"}}
[2025-09-24T03:47:26.327Z] [bootstrap-P3] [INFO] Registration updated successfully
[2025-09-24T03:47:56.305Z] [bootstrap-P3] [DEBUG] Current files retrieved | {"fileCount":1,"files":["sample3.txt"]}
[2025-09-24T03:47:56.305Z] [bootstrap-P3] [INFO] Updating registration | {"peerId":"P3","fileCount":1}
[2025-09-24T03:47:56.306Z] [bootstrap-P3] [DEBUG] Making POST request to http://localhost:9000/register | {"data":{"peer":"P3","files":["sample3.txt"],"grpc_port":9006,"rest_url":"http://localhost:9005"},"headers":{}}
[2025-09-24T03:47:56.313Z] [bootstrap-P3] [DEBUG] Request successful | {"status":200,"data":{"success":true,"message":"Peer registered successfully"}}
[2025-09-24T03:47:56.313Z] [bootstrap-P3] [INFO] Registration updated successfully
[2025-09-24T03:48:26.320Z] [bootstrap-P3] [DEBUG] Current files retrieved | {"fileCount":1,"files":["sample3.txt"]}
[2025-09-24T03:48:26.321Z] [bootstrap-P3] [INFO] Updating registration | {"peerId":"P3","fileCount":1}
[2025-09-24T03:48:26.321Z] [bootstrap-P3] [DEBUG] Making POST request to http://localhost:9000/register | {"data":{"peer":"P3","files":["sample3.txt"],"grpc_port":9006,"rest_url":"http://localhost:9005"},"headers":{}}
[2025-09-24T03:48:26.331Z] [bootstrap-P3] [DEBUG] Request successful | {"status":200,"data":{"success":true,"message":"Peer registered successfully"}}
[2025-09-24T03:48:26.332Z] [bootstrap-P3] [INFO] Registration updated successfully
[2025-09-24T03:48:56.323Z] [bootstrap-P3] [DEBUG] Current files retrieved | {"fileCount":1,"files":["sample3.txt"]}
[2025-09-24T03:48:56.323Z] [bootstrap-P3] [INFO] Updating registration | {"peerId":"P3","fileCount":1}
[2025-09-24T03:48:56.324Z] [bootstrap-P3] [DEBUG] Making POST request to http://localhost:9000/register | {"data":{"peer":"P3","files":["sample3.txt"],"grpc_port":9006,"rest_url":"http://localhost:9005"},"headers":{}}
[2025-09-24T03:48:56.330Z] [bootstrap-P3] [DEBUG] Request successful | {"status":200,"data":{"success":true,"message":"Peer registered successfully"}}
[2025-09-24T03:48:56.331Z] [bootstrap-P3] [INFO] Registration updated successfully
