[2025-09-24T03:35:41.431Z] [bootstrap-P2] [INFO] Bootstrap service initialized | {"peerId":"P2","restPort":9003,"directoryServer":"http://localhost:9000"}
[2025-09-24T03:35:43.637Z] [bootstrap-P2] [INFO] Attempting to connect to P2P network
[2025-09-24T03:35:43.638Z] [bootstrap-P2] [DEBUG] Making GET request to http://localhost:9000/health | {"data":null,"headers":{}}
[2025-09-24T03:35:43.651Z] [bootstrap-P2] [DEBUG] Request successful | {"status":200,"data":{"status":"ok","message":"Directory server is healthy","timestamp":"2025-09-24T03:35:43.648Z"}}
[2025-09-24T03:35:43.652Z] [bootstrap-P2] [DEBUG] Current files retrieved | {"fileCount":1,"files":["sample2.txt"]}
[2025-09-24T03:35:43.652Z] [bootstrap-P2] [DEBUG] Making POST request to http://localhost:9000/register | {"data":{"peer":"P2","files":["sample2.txt"],"grpc_port":9004,"rest_url":"http://localhost:9003"},"headers":{}}
[2025-09-24T03:35:43.652Z] [bootstrap-P2] [INFO] Registering with directory server | {"peerId":"P2","fileCount":1}
[2025-09-24T03:35:43.655Z] [bootstrap-P2] [DEBUG] Request successful | {"status":200,"data":{"success":true,"message":"Peer registered successfully"}}
[2025-09-24T03:35:43.656Z] [bootstrap-P2] [INFO] Starting periodic registration updates | {"interval":30000}
[2025-09-24T03:35:43.656Z] [bootstrap-P2] [INFO] Successfully registered with directory server
[2025-09-24T03:35:43.656Z] [bootstrap-P2] [INFO] Successfully connected to P2P network | {"peerId":"P2","directoryServer":"http://localhost:9000"}
[2025-09-24T03:36:13.684Z] [bootstrap-P2] [DEBUG] Current files retrieved | {"fileCount":1,"files":["sample2.txt"]}
[2025-09-24T03:36:13.685Z] [bootstrap-P2] [INFO] Updating registration | {"peerId":"P2","fileCount":1}
[2025-09-24T03:36:13.686Z] [bootstrap-P2] [DEBUG] Making POST request to http://localhost:9000/register | {"data":{"peer":"P2","files":["sample2.txt"],"grpc_port":9004,"rest_url":"http://localhost:9003"},"headers":{}}
[2025-09-24T03:36:13.717Z] [bootstrap-P2] [DEBUG] Request successful | {"status":200,"data":{"success":true,"message":"Peer registered successfully"}}
[2025-09-24T03:36:13.718Z] [bootstrap-P2] [INFO] Registration updated successfully
[2025-09-24T03:36:43.692Z] [bootstrap-P2] [DEBUG] Current files retrieved | {"fileCount":1,"files":["sample2.txt"]}
[2025-09-24T03:36:43.692Z] [bootstrap-P2] [INFO] Updating registration | {"peerId":"P2","fileCount":1}
[2025-09-24T03:36:43.693Z] [bootstrap-P2] [DEBUG] Making POST request to http://localhost:9000/register | {"data":{"peer":"P2","files":["sample2.txt"],"grpc_port":9004,"rest_url":"http://localhost:9003"},"headers":{}}
[2025-09-24T03:36:43.725Z] [bootstrap-P2] [DEBUG] Request successful | {"status":200,"data":{"success":true,"message":"Peer registered successfully"}}
[2025-09-24T03:36:43.725Z] [bootstrap-P2] [INFO] Registration updated successfully
[2025-09-24T03:37:13.693Z] [bootstrap-P2] [DEBUG] Current files retrieved | {"fileCount":1,"files":["sample2.txt"]}
[2025-09-24T03:37:13.694Z] [bootstrap-P2] [INFO] Updating registration | {"peerId":"P2","fileCount":1}
[2025-09-24T03:37:13.694Z] [bootstrap-P2] [DEBUG] Making POST request to http://localhost:9000/register | {"data":{"peer":"P2","files":["sample2.txt"],"grpc_port":9004,"rest_url":"http://localhost:9003"},"headers":{}}
[2025-09-24T03:37:13.702Z] [bootstrap-P2] [DEBUG] Request successful | {"status":200,"data":{"success":true,"message":"Peer registered successfully"}}
[2025-09-24T03:37:13.702Z] [bootstrap-P2] [INFO] Registration updated successfully
[2025-09-24T03:37:43.701Z] [bootstrap-P2] [DEBUG] Current files retrieved | {"fileCount":1,"files":["sample2.txt"]}
[2025-09-24T03:37:43.701Z] [bootstrap-P2] [INFO] Updating registration | {"peerId":"P2","fileCount":1}
[2025-09-24T03:37:43.701Z] [bootstrap-P2] [DEBUG] Making POST request to http://localhost:9000/register | {"data":{"peer":"P2","files":["sample2.txt"],"grpc_port":9004,"rest_url":"http://localhost:9003"},"headers":{}}
[2025-09-24T03:37:43.708Z] [bootstrap-P2] [DEBUG] Request successful | {"status":200,"data":{"success":true,"message":"Peer registered successfully"}}
[2025-09-24T03:37:43.708Z] [bootstrap-P2] [INFO] Registration updated successfully
[2025-09-24T03:38:13.712Z] [bootstrap-P2] [INFO] Updating registration | {"peerId":"P2","fileCount":1}
[2025-09-24T03:38:13.712Z] [bootstrap-P2] [DEBUG] Current files retrieved | {"fileCount":1,"files":["sample2.txt"]}
[2025-09-24T03:38:13.713Z] [bootstrap-P2] [DEBUG] Making POST request to http://localhost:9000/register | {"data":{"peer":"P2","files":["sample2.txt"],"grpc_port":9004,"rest_url":"http://localhost:9003"},"headers":{}}
[2025-09-24T03:38:13.735Z] [bootstrap-P2] [DEBUG] Request successful | {"status":200,"data":{"success":true,"message":"Peer registered successfully"}}
[2025-09-24T03:38:13.736Z] [bootstrap-P2] [INFO] Registration updated successfully
[2025-09-24T03:38:43.714Z] [bootstrap-P2] [DEBUG] Current files retrieved | {"fileCount":1,"files":["sample2.txt"]}
[2025-09-24T03:38:43.714Z] [bootstrap-P2] [INFO] Updating registration | {"peerId":"P2","fileCount":1}
[2025-09-24T03:38:43.714Z] [bootstrap-P2] [DEBUG] Making POST request to http://localhost:9000/register | {"data":{"peer":"P2","files":["sample2.txt"],"grpc_port":9004,"rest_url":"http://localhost:9003"},"headers":{}}
[2025-09-24T03:38:43.725Z] [bootstrap-P2] [DEBUG] Request successful | {"status":200,"data":{"success":true,"message":"Peer registered successfully"}}
[2025-09-24T03:38:43.725Z] [bootstrap-P2] [INFO] Registration updated successfully
[2025-09-24T03:39:13.719Z] [bootstrap-P2] [DEBUG] Current files retrieved | {"fileCount":1,"files":["sample2.txt"]}
[2025-09-24T03:39:13.720Z] [bootstrap-P2] [INFO] Updating registration | {"peerId":"P2","fileCount":1}
[2025-09-24T03:39:13.720Z] [bootstrap-P2] [DEBUG] Making POST request to http://localhost:9000/register | {"data":{"peer":"P2","files":["sample2.txt"],"grpc_port":9004,"rest_url":"http://localhost:9003"},"headers":{}}
[2025-09-24T03:39:13.733Z] [bootstrap-P2] [DEBUG] Request successful | {"status":200,"data":{"success":true,"message":"Peer registered successfully"}}
[2025-09-24T03:39:13.733Z] [bootstrap-P2] [INFO] Registration updated successfully
[2025-09-24T03:39:43.730Z] [bootstrap-P2] [DEBUG] Current files retrieved | {"fileCount":1,"files":["sample2.txt"]}
[2025-09-24T03:39:43.731Z] [bootstrap-P2] [INFO] Updating registration | {"peerId":"P2","fileCount":1}
[2025-09-24T03:39:43.731Z] [bootstrap-P2] [DEBUG] Making POST request to http://localhost:9000/register | {"data":{"peer":"P2","files":["sample2.txt"],"grpc_port":9004,"rest_url":"http://localhost:9003"},"headers":{}}
[2025-09-24T03:39:43.744Z] [bootstrap-P2] [DEBUG] Request successful | {"status":200,"data":{"success":true,"message":"Peer registered successfully"}}
[2025-09-24T03:39:43.744Z] [bootstrap-P2] [INFO] Registration updated successfully
[2025-09-24T03:40:13.739Z] [bootstrap-P2] [DEBUG] Current files retrieved | {"fileCount":1,"files":["sample2.txt"]}
[2025-09-24T03:40:13.740Z] [bootstrap-P2] [DEBUG] Making POST request to http://localhost:9000/register | {"data":{"peer":"P2","files":["sample2.txt"],"grpc_port":9004,"rest_url":"http://localhost:9003"},"headers":{}}
[2025-09-24T03:40:13.739Z] [bootstrap-P2] [INFO] Updating registration | {"peerId":"P2","fileCount":1}
[2025-09-24T03:40:13.755Z] [bootstrap-P2] [DEBUG] Request successful | {"status":200,"data":{"success":true,"message":"Peer registered successfully"}}
[2025-09-24T03:40:13.756Z] [bootstrap-P2] [INFO] Registration updated successfully
[2025-09-24T03:40:43.753Z] [bootstrap-P2] [DEBUG] Current files retrieved | {"fileCount":1,"files":["sample2.txt"]}
[2025-09-24T03:40:43.753Z] [bootstrap-P2] [INFO] Updating registration | {"peerId":"P2","fileCount":1}
[2025-09-24T03:40:43.754Z] [bootstrap-P2] [DEBUG] Making POST request to http://localhost:9000/register | {"data":{"peer":"P2","files":["sample2.txt"],"grpc_port":9004,"rest_url":"http://localhost:9003"},"headers":{}}
[2025-09-24T03:40:43.762Z] [bootstrap-P2] [INFO] Registration updated successfully
[2025-09-24T03:40:43.762Z] [bootstrap-P2] [DEBUG] Request successful | {"status":200,"data":{"success":true,"message":"Peer registered successfully"}}
[2025-09-24T03:41:13.763Z] [bootstrap-P2] [DEBUG] Current files retrieved | {"fileCount":1,"files":["sample2.txt"]}
[2025-09-24T03:41:13.764Z] [bootstrap-P2] [INFO] Updating registration | {"peerId":"P2","fileCount":1}
[2025-09-24T03:41:13.764Z] [bootstrap-P2] [DEBUG] Making POST request to http://localhost:9000/register | {"data":{"peer":"P2","files":["sample2.txt"],"grpc_port":9004,"rest_url":"http://localhost:9003"},"headers":{}}
[2025-09-24T03:41:13.771Z] [bootstrap-P2] [DEBUG] Request successful | {"status":200,"data":{"success":true,"message":"Peer registered successfully"}}
[2025-09-24T03:41:13.771Z] [bootstrap-P2] [INFO] Registration updated successfully
[2025-09-24T03:41:43.873Z] [bootstrap-P2] [DEBUG] Current files retrieved | {"fileCount":1,"files":["sample2.txt"]}
[2025-09-24T03:41:43.894Z] [bootstrap-P2] [INFO] Updating registration | {"peerId":"P2","fileCount":1}
[2025-09-24T03:41:43.942Z] [bootstrap-P2] [DEBUG] Making POST request to http://localhost:9000/register | {"data":{"peer":"P2","files":["sample2.txt"],"grpc_port":9004,"rest_url":"http://localhost:9003"},"headers":{}}
[2025-09-24T03:41:44.235Z] [bootstrap-P2] [DEBUG] Request successful | {"status":200,"data":{"success":true,"message":"Peer registered successfully"}}
[2025-09-24T03:41:44.255Z] [bootstrap-P2] [INFO] Registration updated successfully
[2025-09-24T03:42:13.792Z] [bootstrap-P2] [DEBUG] Current files retrieved | {"fileCount":1,"files":["sample2.txt"]}
[2025-09-24T03:42:13.793Z] [bootstrap-P2] [INFO] Updating registration | {"peerId":"P2","fileCount":1}
[2025-09-24T03:42:13.793Z] [bootstrap-P2] [DEBUG] Making POST request to http://localhost:9000/register | {"data":{"peer":"P2","files":["sample2.txt"],"grpc_port":9004,"rest_url":"http://localhost:9003"},"headers":{}}
[2025-09-24T03:42:13.809Z] [bootstrap-P2] [DEBUG] Request successful | {"status":200,"data":{"success":true,"message":"Peer registered successfully"}}
[2025-09-24T03:42:13.810Z] [bootstrap-P2] [INFO] Registration updated successfully
[2025-09-24T03:42:43.801Z] [bootstrap-P2] [DEBUG] Current files retrieved | {"fileCount":1,"files":["sample2.txt"]}
[2025-09-24T03:42:43.801Z] [bootstrap-P2] [INFO] Updating registration | {"peerId":"P2","fileCount":1}
[2025-09-24T03:42:43.801Z] [bootstrap-P2] [DEBUG] Making POST request to http://localhost:9000/register | {"data":{"peer":"P2","files":["sample2.txt"],"grpc_port":9004,"rest_url":"http://localhost:9003"},"headers":{}}
[2025-09-24T03:42:43.809Z] [bootstrap-P2] [DEBUG] Request successful | {"status":200,"data":{"success":true,"message":"Peer registered successfully"}}
[2025-09-24T03:42:43.809Z] [bootstrap-P2] [INFO] Registration updated successfully
[2025-09-24T03:43:13.809Z] [bootstrap-P2] [DEBUG] Current files retrieved | {"fileCount":1,"files":["sample2.txt"]}
[2025-09-24T03:43:13.809Z] [bootstrap-P2] [INFO] Updating registration | {"peerId":"P2","fileCount":1}
[2025-09-24T03:43:13.810Z] [bootstrap-P2] [DEBUG] Making POST request to http://localhost:9000/register | {"data":{"peer":"P2","files":["sample2.txt"],"grpc_port":9004,"rest_url":"http://localhost:9003"},"headers":{}}
[2025-09-24T03:43:13.835Z] [bootstrap-P2] [DEBUG] Request successful | {"status":200,"data":{"success":true,"message":"Peer registered successfully"}}
[2025-09-24T03:43:13.836Z] [bootstrap-P2] [INFO] Registration updated successfully
[2025-09-24T03:43:43.815Z] [bootstrap-P2] [DEBUG] Current files retrieved | {"fileCount":1,"files":["sample2.txt"]}
[2025-09-24T03:43:43.815Z] [bootstrap-P2] [DEBUG] Making POST request to http://localhost:9000/register | {"data":{"peer":"P2","files":["sample2.txt"],"grpc_port":9004,"rest_url":"http://localhost:9003"},"headers":{}}
[2025-09-24T03:43:43.815Z] [bootstrap-P2] [INFO] Updating registration | {"peerId":"P2","fileCount":1}
[2025-09-24T03:43:43.821Z] [bootstrap-P2] [DEBUG] Request successful | {"status":200,"data":{"success":true,"message":"Peer registered successfully"}}
[2025-09-24T03:43:43.821Z] [bootstrap-P2] [INFO] Registration updated successfully
[2025-09-24T03:43:59.026Z] [bootstrap-P2] [INFO] Shutting down bootstrap service...
[2025-09-24T03:43:59.027Z] [bootstrap-P2] [INFO] Periodic registration updates stopped
[2025-09-24T03:43:59.028Z] [bootstrap-P2] [DEBUG] Making DELETE request to http://localhost:9000/unregister/P2 | {"data":null,"headers":{}}
[2025-09-24T03:43:59.027Z] [bootstrap-P2] [INFO] Unregistering from directory server | {"peerId":"P2"}
[2025-09-24T03:46:10.369Z] [bootstrap-P2] [INFO] Bootstrap service initialized | {"peerId":"P2","restPort":9003,"directoryServer":"http://localhost:9000"}
[2025-09-24T03:46:12.543Z] [bootstrap-P2] [INFO] Attempting to connect to P2P network
[2025-09-24T03:46:12.545Z] [bootstrap-P2] [DEBUG] Making GET request to http://localhost:9000/health | {"data":null,"headers":{}}
[2025-09-24T03:46:12.561Z] [bootstrap-P2] [DEBUG] Request successful | {"status":200,"data":{"status":"ok","message":"Directory server is healthy","timestamp":"2025-09-24T03:46:12.557Z"}}
[2025-09-24T03:46:12.562Z] [bootstrap-P2] [INFO] Registering with directory server | {"peerId":"P2","fileCount":1}
[2025-09-24T03:46:12.561Z] [bootstrap-P2] [DEBUG] Current files retrieved | {"fileCount":1,"files":["sample2.txt"]}
[2025-09-24T03:46:12.562Z] [bootstrap-P2] [DEBUG] Making POST request to http://localhost:9000/register | {"data":{"peer":"P2","files":["sample2.txt"],"grpc_port":9004,"rest_url":"http://localhost:9003"},"headers":{}}
[2025-09-24T03:46:12.566Z] [bootstrap-P2] [DEBUG] Request successful | {"status":200,"data":{"success":true,"message":"Peer registered successfully"}}
[2025-09-24T03:46:12.566Z] [bootstrap-P2] [INFO] Successfully registered with directory server
[2025-09-24T03:46:12.566Z] [bootstrap-P2] [INFO] Successfully connected to P2P network | {"peerId":"P2","directoryServer":"http://localhost:9000"}
[2025-09-24T03:46:12.566Z] [bootstrap-P2] [INFO] Starting periodic registration updates | {"interval":30000}
[2025-09-24T03:46:42.596Z] [bootstrap-P2] [DEBUG] Current files retrieved | {"fileCount":1,"files":["sample2.txt"]}
[2025-09-24T03:46:42.597Z] [bootstrap-P2] [INFO] Updating registration | {"peerId":"P2","fileCount":1}
[2025-09-24T03:46:42.598Z] [bootstrap-P2] [DEBUG] Making POST request to http://localhost:9000/register | {"data":{"peer":"P2","files":["sample2.txt"],"grpc_port":9004,"rest_url":"http://localhost:9003"},"headers":{}}
[2025-09-24T03:46:42.621Z] [bootstrap-P2] [DEBUG] Request successful | {"status":200,"data":{"success":true,"message":"Peer registered successfully"}}
[2025-09-24T03:46:42.621Z] [bootstrap-P2] [INFO] Registration updated successfully
[2025-09-24T03:47:12.589Z] [bootstrap-P2] [DEBUG] Current files retrieved | {"fileCount":1,"files":["sample2.txt"]}
[2025-09-24T03:47:12.589Z] [bootstrap-P2] [INFO] Updating registration | {"peerId":"P2","fileCount":1}
[2025-09-24T03:47:12.589Z] [bootstrap-P2] [DEBUG] Making POST request to http://localhost:9000/register | {"data":{"peer":"P2","files":["sample2.txt"],"grpc_port":9004,"rest_url":"http://localhost:9003"},"headers":{}}
[2025-09-24T03:47:12.600Z] [bootstrap-P2] [DEBUG] Request successful | {"status":200,"data":{"success":true,"message":"Peer registered successfully"}}
[2025-09-24T03:47:12.600Z] [bootstrap-P2] [INFO] Registration updated successfully
[2025-09-24T03:47:42.603Z] [bootstrap-P2] [INFO] Updating registration | {"peerId":"P2","fileCount":1}
[2025-09-24T03:47:42.603Z] [bootstrap-P2] [DEBUG] Current files retrieved | {"fileCount":1,"files":["sample2.txt"]}
[2025-09-24T03:47:42.603Z] [bootstrap-P2] [DEBUG] Making POST request to http://localhost:9000/register | {"data":{"peer":"P2","files":["sample2.txt"],"grpc_port":9004,"rest_url":"http://localhost:9003"},"headers":{}}
[2025-09-24T03:47:42.611Z] [bootstrap-P2] [DEBUG] Request successful | {"status":200,"data":{"success":true,"message":"Peer registered successfully"}}
[2025-09-24T03:47:42.611Z] [bootstrap-P2] [INFO] Registration updated successfully
[2025-09-24T03:48:12.607Z] [bootstrap-P2] [DEBUG] Current files retrieved | {"fileCount":1,"files":["sample2.txt"]}
[2025-09-24T03:48:12.608Z] [bootstrap-P2] [INFO] Updating registration | {"peerId":"P2","fileCount":1}
[2025-09-24T03:48:12.608Z] [bootstrap-P2] [DEBUG] Making POST request to http://localhost:9000/register | {"data":{"peer":"P2","files":["sample2.txt"],"grpc_port":9004,"rest_url":"http://localhost:9003"},"headers":{}}
[2025-09-24T03:48:12.615Z] [bootstrap-P2] [DEBUG] Request successful | {"status":200,"data":{"success":true,"message":"Peer registered successfully"}}
[2025-09-24T03:48:12.615Z] [bootstrap-P2] [INFO] Registration updated successfully
[2025-09-24T03:48:42.615Z] [bootstrap-P2] [DEBUG] Current files retrieved | {"fileCount":2,"files":["sample2.txt","sample3.txt"]}
[2025-09-24T03:48:42.615Z] [bootstrap-P2] [INFO] Updating registration | {"peerId":"P2","fileCount":2}
[2025-09-24T03:48:42.615Z] [bootstrap-P2] [DEBUG] Making POST request to http://localhost:9000/register | {"data":{"peer":"P2","files":["sample2.txt","sample3.txt"],"grpc_port":9004,"rest_url":"http://localhost:9003"},"headers":{}}
[2025-09-24T03:48:42.630Z] [bootstrap-P2] [DEBUG] Request successful | {"status":200,"data":{"success":true,"message":"Peer registered successfully"}}
[2025-09-24T03:48:42.630Z] [bootstrap-P2] [INFO] Registration updated successfully
[2025-09-24T03:49:12.614Z] [bootstrap-P2] [DEBUG] Current files retrieved | {"fileCount":1,"files":["sample2.txt"]}
[2025-09-24T03:49:12.614Z] [bootstrap-P2] [INFO] Updating registration | {"peerId":"P2","fileCount":1}
[2025-09-24T03:49:12.614Z] [bootstrap-P2] [DEBUG] Making POST request to http://localhost:9000/register | {"data":{"peer":"P2","files":["sample2.txt"],"grpc_port":9004,"rest_url":"http://localhost:9003"},"headers":{}}
[2025-09-24T03:49:12.622Z] [bootstrap-P2] [DEBUG] Request successful | {"status":200,"data":{"success":true,"message":"Peer registered successfully"}}
[2025-09-24T03:49:12.622Z] [bootstrap-P2] [INFO] Registration updated successfully
