[2025-09-24T03:35:49.726Z] [p2p-server-P3] [INFO] Servidor P2P inicializado exitosamente | {"peerId":"P3","restPort":9005,"grpcPort":9006,"sharedDirectory":"./shared-files/peer3"}
[2025-09-24T03:35:49.733Z] [p2p-server-P3] [INFO] Servidor P2P REST iniciado | {"port":9005,"ip":"0.0.0.0","url":"http://0.0.0.0:9005"}
[2025-09-24T03:35:51.761Z] [p2p-server-P3] [INFO] Starting periodic health checks | {"interval":30000}
[2025-09-24T03:35:59.494Z] [p2p-server-P3] [INFO] 127.0.0.1 - - [24/Sep/2025:03:35:59 +0000] "GET /ping HTTP/1.1" 200 71 "-" "axios/1.12.2"
[2025-09-24T03:36:13.703Z] [p2p-server-P3] [INFO] 127.0.0.1 - - [24/Sep/2025:03:36:13 +0000] "GET /ping HTTP/1.1" 200 71 "-" "axios/1.12.2"
[2025-09-24T03:36:21.768Z] [p2p-server-P3] [INFO] Starting comprehensive health check
[2025-09-24T03:36:21.768Z] [p2p-server-P3] [DEBUG] Making GET request to http://localhost:9000/health | {"data":null,"headers":{}}
[2025-09-24T03:36:21.770Z] [p2p-server-P3] [DEBUG] Making GET request to http://localhost:9001/ping | {"data":null,"headers":{}}
[2025-09-24T03:36:21.771Z] [p2p-server-P3] [DEBUG] Making GET request to http://localhost:9003/ping | {"data":null,"headers":{}}
[2025-09-24T03:36:21.776Z] [p2p-server-P3] [DEBUG] Self health check completed | {"status":"healthy","sharedDirectory":{"path":"./shared-files/peer3","exists":true,"readable":true},"restPort":9005,"grpcPort":9006,"lastCheck":"2025-09-24T03:36:21.776Z"}
[2025-09-24T03:36:21.780Z] [p2p-server-P3] [DEBUG] Request successful | {"status":200,"data":{"status":"ok","message":"Directory server is healthy","timestamp":"2025-09-24T03:36:21.777Z"}}
[2025-09-24T03:36:21.781Z] [p2p-server-P3] [DEBUG] Directory server check completed | {"status":"healthy","url":"http://localhost:9000","responseTime":13,"lastCheck":"2025-09-24T03:36:21.781Z"}
[2025-09-24T03:36:21.785Z] [p2p-server-P3] [DEBUG] Friend primary check completed | {"status":"online","url":"http://localhost:9001","responseTime":14,"lastCheck":"2025-09-24T03:36:21.784Z"}
[2025-09-24T03:36:21.786Z] [p2p-server-P3] [DEBUG] Request successful | {"status":200,"data":{"message":"pong","timestamp":"2025-09-24T03:36:21.778Z","peerId":"P2"}}
[2025-09-24T03:36:21.784Z] [p2p-server-P3] [DEBUG] Request successful | {"status":200,"data":{"message":"pong","timestamp":"2025-09-24T03:36:21.777Z","peerId":"P1"}}
[2025-09-24T03:36:21.787Z] [p2p-server-P3] [DEBUG] Friend backup check completed | {"status":"online","url":"http://localhost:9003","responseTime":16,"lastCheck":"2025-09-24T03:36:21.787Z"}
[2025-09-24T03:36:21.788Z] [p2p-server-P3] [INFO] Health check completed | {"overallHealth":"healthy","responseTime":19,"failedChecks":0}
[2025-09-24T03:36:29.482Z] [p2p-server-P3] [INFO] 127.0.0.1 - - [24/Sep/2025:03:36:29 +0000] "GET /ping HTTP/1.1" 200 71 "-" "axios/1.12.2"
[2025-09-24T03:36:43.712Z] [p2p-server-P3] [INFO] 127.0.0.1 - - [24/Sep/2025:03:36:43 +0000] "GET /ping HTTP/1.1" 200 71 "-" "axios/1.12.2"
[2025-09-24T03:36:51.777Z] [p2p-server-P3] [INFO] Starting comprehensive health check
[2025-09-24T03:36:51.777Z] [p2p-server-P3] [DEBUG] Making GET request to http://localhost:9000/health | {"data":null,"headers":{}}
[2025-09-24T03:36:51.779Z] [p2p-server-P3] [DEBUG] Making GET request to http://localhost:9001/ping | {"data":null,"headers":{}}
[2025-09-24T03:36:51.781Z] [p2p-server-P3] [DEBUG] Making GET request to http://localhost:9003/ping | {"data":null,"headers":{}}
[2025-09-24T03:36:51.788Z] [p2p-server-P3] [DEBUG] Self health check completed | {"status":"healthy","sharedDirectory":{"path":"./shared-files/peer3","exists":true,"readable":true},"restPort":9005,"grpcPort":9006,"lastCheck":"2025-09-24T03:36:51.788Z"}
[2025-09-24T03:36:51.791Z] [p2p-server-P3] [DEBUG] Request successful | {"status":200,"data":{"status":"ok","message":"Directory server is healthy","timestamp":"2025-09-24T03:36:51.789Z"}}
[2025-09-24T03:36:51.792Z] [p2p-server-P3] [DEBUG] Directory server check completed | {"status":"healthy","url":"http://localhost:9000","responseTime":14,"lastCheck":"2025-09-24T03:36:51.791Z"}
[2025-09-24T03:36:51.793Z] [p2p-server-P3] [DEBUG] Request successful | {"status":200,"data":{"message":"pong","timestamp":"2025-09-24T03:36:51.789Z","peerId":"P1"}}
[2025-09-24T03:36:51.794Z] [p2p-server-P3] [DEBUG] Friend primary check completed | {"status":"online","url":"http://localhost:9001","responseTime":14,"lastCheck":"2025-09-24T03:36:51.793Z"}
[2025-09-24T03:36:51.796Z] [p2p-server-P3] [INFO] Health check completed | {"overallHealth":"healthy","responseTime":19,"failedChecks":0}
[2025-09-24T03:36:51.796Z] [p2p-server-P3] [DEBUG] Friend backup check completed | {"status":"online","url":"http://localhost:9003","responseTime":15,"lastCheck":"2025-09-24T03:36:51.796Z"}
[2025-09-24T03:36:51.796Z] [p2p-server-P3] [DEBUG] Request successful | {"status":200,"data":{"message":"pong","timestamp":"2025-09-24T03:36:51.789Z","peerId":"P2"}}
[2025-09-24T03:36:59.491Z] [p2p-server-P3] [INFO] 127.0.0.1 - - [24/Sep/2025:03:36:59 +0000] "GET /ping HTTP/1.1" 200 71 "-" "axios/1.12.2"
[2025-09-24T03:37:13.700Z] [p2p-server-P3] [INFO] 127.0.0.1 - - [24/Sep/2025:03:37:13 +0000] "GET /ping HTTP/1.1" 200 71 "-" "axios/1.12.2"
[2025-09-24T03:37:21.792Z] [p2p-server-P3] [DEBUG] Making GET request to http://localhost:9000/health | {"data":null,"headers":{}}
[2025-09-24T03:37:21.791Z] [p2p-server-P3] [INFO] Starting comprehensive health check
[2025-09-24T03:37:21.794Z] [p2p-server-P3] [DEBUG] Making GET request to http://localhost:9001/ping | {"data":null,"headers":{}}
[2025-09-24T03:37:21.795Z] [p2p-server-P3] [DEBUG] Making GET request to http://localhost:9003/ping | {"data":null,"headers":{}}
[2025-09-24T03:37:21.800Z] [p2p-server-P3] [DEBUG] Self health check completed | {"status":"healthy","sharedDirectory":{"path":"./shared-files/peer3","exists":true,"readable":true},"restPort":9005,"grpcPort":9006,"lastCheck":"2025-09-24T03:37:21.800Z"}
[2025-09-24T03:37:21.803Z] [p2p-server-P3] [DEBUG] Request successful | {"status":200,"data":{"status":"ok","message":"Directory server is healthy","timestamp":"2025-09-24T03:37:21.801Z"}}
[2025-09-24T03:37:21.803Z] [p2p-server-P3] [DEBUG] Directory server check completed | {"status":"healthy","url":"http://localhost:9000","responseTime":12,"lastCheck":"2025-09-24T03:37:21.803Z"}
[2025-09-24T03:37:21.804Z] [p2p-server-P3] [DEBUG] Request successful | {"status":200,"data":{"message":"pong","timestamp":"2025-09-24T03:37:21.802Z","peerId":"P1"}}
[2025-09-24T03:37:21.806Z] [p2p-server-P3] [DEBUG] Friend backup check completed | {"status":"online","url":"http://localhost:9003","responseTime":11,"lastCheck":"2025-09-24T03:37:21.806Z"}
[2025-09-24T03:37:21.806Z] [p2p-server-P3] [DEBUG] Request successful | {"status":200,"data":{"message":"pong","timestamp":"2025-09-24T03:37:21.802Z","peerId":"P2"}}
[2025-09-24T03:37:21.807Z] [p2p-server-P3] [INFO] Health check completed | {"overallHealth":"healthy","responseTime":16,"failedChecks":0}
[2025-09-24T03:37:21.804Z] [p2p-server-P3] [DEBUG] Friend primary check completed | {"status":"online","url":"http://localhost:9001","responseTime":11,"lastCheck":"2025-09-24T03:37:21.804Z"}
[2025-09-24T03:37:29.497Z] [p2p-server-P3] [INFO] 127.0.0.1 - - [24/Sep/2025:03:37:29 +0000] "GET /ping HTTP/1.1" 200 71 "-" "axios/1.12.2"
[2025-09-24T03:37:43.705Z] [p2p-server-P3] [INFO] 127.0.0.1 - - [24/Sep/2025:03:37:43 +0000] "GET /ping HTTP/1.1" 200 71 "-" "axios/1.12.2"
[2025-09-24T03:37:51.799Z] [p2p-server-P3] [INFO] Starting comprehensive health check
[2025-09-24T03:37:51.800Z] [p2p-server-P3] [DEBUG] Making GET request to http://localhost:9000/health | {"data":null,"headers":{}}
[2025-09-24T03:37:51.802Z] [p2p-server-P3] [DEBUG] Making GET request to http://localhost:9001/ping | {"data":null,"headers":{}}
[2025-09-24T03:37:51.803Z] [p2p-server-P3] [DEBUG] Making GET request to http://localhost:9003/ping | {"data":null,"headers":{}}
[2025-09-24T03:37:51.807Z] [p2p-server-P3] [DEBUG] Self health check completed | {"status":"healthy","sharedDirectory":{"path":"./shared-files/peer3","exists":true,"readable":true},"restPort":9005,"grpcPort":9006,"lastCheck":"2025-09-24T03:37:51.807Z"}
[2025-09-24T03:37:51.811Z] [p2p-server-P3] [DEBUG] Request successful | {"status":200,"data":{"status":"ok","message":"Directory server is healthy","timestamp":"2025-09-24T03:37:51.810Z"}}
[2025-09-24T03:37:51.811Z] [p2p-server-P3] [DEBUG] Directory server check completed | {"status":"healthy","url":"http://localhost:9000","responseTime":12,"lastCheck":"2025-09-24T03:37:51.811Z"}
[2025-09-24T03:37:51.812Z] [p2p-server-P3] [DEBUG] Request successful | {"status":200,"data":{"message":"pong","timestamp":"2025-09-24T03:37:51.810Z","peerId":"P1"}}
[2025-09-24T03:37:51.813Z] [p2p-server-P3] [DEBUG] Friend primary check completed | {"status":"online","url":"http://localhost:9001","responseTime":11,"lastCheck":"2025-09-24T03:37:51.812Z"}
[2025-09-24T03:37:51.814Z] [p2p-server-P3] [DEBUG] Request successful | {"status":200,"data":{"message":"pong","timestamp":"2025-09-24T03:37:51.810Z","peerId":"P2"}}
[2025-09-24T03:37:51.815Z] [p2p-server-P3] [DEBUG] Friend backup check completed | {"status":"online","url":"http://localhost:9003","responseTime":13,"lastCheck":"2025-09-24T03:37:51.815Z"}
[2025-09-24T03:37:51.816Z] [p2p-server-P3] [INFO] Health check completed | {"overallHealth":"healthy","responseTime":16,"failedChecks":0}
[2025-09-24T03:37:59.509Z] [p2p-server-P3] [INFO] 127.0.0.1 - - [24/Sep/2025:03:37:59 +0000] "GET /ping HTTP/1.1" 200 71 "-" "axios/1.12.2"
[2025-09-24T03:38:13.724Z] [p2p-server-P3] [INFO] 127.0.0.1 - - [24/Sep/2025:03:38:13 +0000] "GET /ping HTTP/1.1" 200 71 "-" "axios/1.12.2"
[2025-09-24T03:38:21.807Z] [p2p-server-P3] [DEBUG] Making GET request to http://localhost:9000/health | {"data":null,"headers":{}}
[2025-09-24T03:38:21.805Z] [p2p-server-P3] [INFO] Starting comprehensive health check
[2025-09-24T03:38:21.813Z] [p2p-server-P3] [DEBUG] Making GET request to http://localhost:9001/ping | {"data":null,"headers":{}}
[2025-09-24T03:38:21.817Z] [p2p-server-P3] [DEBUG] Making GET request to http://localhost:9003/ping | {"data":null,"headers":{}}
[2025-09-24T03:38:21.832Z] [p2p-server-P3] [DEBUG] Self health check completed | {"status":"healthy","sharedDirectory":{"path":"./shared-files/peer3","exists":true,"readable":true},"restPort":9005,"grpcPort":9006,"lastCheck":"2025-09-24T03:38:21.831Z"}
[2025-09-24T03:38:21.838Z] [p2p-server-P3] [DEBUG] Request successful | {"status":200,"data":{"status":"ok","message":"Directory server is healthy","timestamp":"2025-09-24T03:38:21.836Z"}}
[2025-09-24T03:38:21.839Z] [p2p-server-P3] [DEBUG] Directory server check completed | {"status":"healthy","url":"http://localhost:9000","responseTime":33,"lastCheck":"2025-09-24T03:38:21.838Z"}
[2025-09-24T03:38:21.841Z] [p2p-server-P3] [DEBUG] Request successful | {"status":200,"data":{"message":"pong","timestamp":"2025-09-24T03:38:21.837Z","peerId":"P1"}}
[2025-09-24T03:38:21.841Z] [p2p-server-P3] [DEBUG] Friend primary check completed | {"status":"online","url":"http://localhost:9001","responseTime":31,"lastCheck":"2025-09-24T03:38:21.841Z"}
[2025-09-24T03:38:21.843Z] [p2p-server-P3] [DEBUG] Request successful | {"status":200,"data":{"message":"pong","timestamp":"2025-09-24T03:38:21.837Z","peerId":"P2"}}
[2025-09-24T03:38:21.843Z] [p2p-server-P3] [DEBUG] Friend backup check completed | {"status":"online","url":"http://localhost:9003","responseTime":27,"lastCheck":"2025-09-24T03:38:21.843Z"}
[2025-09-24T03:38:21.843Z] [p2p-server-P3] [INFO] Health check completed | {"overallHealth":"healthy","responseTime":38,"failedChecks":0}
[2025-09-24T03:38:29.504Z] [p2p-server-P3] [INFO] 127.0.0.1 - - [24/Sep/2025:03:38:29 +0000] "GET /ping HTTP/1.1" 200 71 "-" "axios/1.12.2"
[2025-09-24T03:38:43.720Z] [p2p-server-P3] [INFO] 127.0.0.1 - - [24/Sep/2025:03:38:43 +0000] "GET /ping HTTP/1.1" 200 71 "-" "axios/1.12.2"
[2025-09-24T03:38:51.806Z] [p2p-server-P3] [INFO] Starting comprehensive health check
[2025-09-24T03:38:51.806Z] [p2p-server-P3] [DEBUG] Making GET request to http://localhost:9000/health | {"data":null,"headers":{}}
[2025-09-24T03:38:51.806Z] [p2p-server-P3] [DEBUG] Making GET request to http://localhost:9001/ping | {"data":null,"headers":{}}
[2025-09-24T03:38:51.807Z] [p2p-server-P3] [DEBUG] Making GET request to http://localhost:9003/ping | {"data":null,"headers":{}}
[2025-09-24T03:38:51.810Z] [p2p-server-P3] [DEBUG] Self health check completed | {"status":"healthy","sharedDirectory":{"path":"./shared-files/peer3","exists":true,"readable":true},"restPort":9005,"grpcPort":9006,"lastCheck":"2025-09-24T03:38:51.810Z"}
[2025-09-24T03:38:51.812Z] [p2p-server-P3] [DEBUG] Request successful | {"status":200,"data":{"status":"ok","message":"Directory server is healthy","timestamp":"2025-09-24T03:38:51.812Z"}}
[2025-09-24T03:38:51.812Z] [p2p-server-P3] [DEBUG] Directory server check completed | {"status":"healthy","url":"http://localhost:9000","responseTime":6,"lastCheck":"2025-09-24T03:38:51.812Z"}
[2025-09-24T03:38:51.813Z] [p2p-server-P3] [DEBUG] Friend primary check completed | {"status":"online","url":"http://localhost:9001","responseTime":7,"lastCheck":"2025-09-24T03:38:51.813Z"}
[2025-09-24T03:38:51.814Z] [p2p-server-P3] [DEBUG] Request successful | {"status":200,"data":{"message":"pong","timestamp":"2025-09-24T03:38:51.812Z","peerId":"P2"}}
[2025-09-24T03:38:51.813Z] [p2p-server-P3] [DEBUG] Request successful | {"status":200,"data":{"message":"pong","timestamp":"2025-09-24T03:38:51.812Z","peerId":"P1"}}
[2025-09-24T03:38:51.814Z] [p2p-server-P3] [INFO] Health check completed | {"overallHealth":"healthy","responseTime":8,"failedChecks":0}
[2025-09-24T03:38:51.814Z] [p2p-server-P3] [DEBUG] Friend backup check completed | {"status":"online","url":"http://localhost:9003","responseTime":7,"lastCheck":"2025-09-24T03:38:51.814Z"}
[2025-09-24T03:38:59.528Z] [p2p-server-P3] [INFO] 127.0.0.1 - - [24/Sep/2025:03:38:59 +0000] "GET /ping HTTP/1.1" 200 71 "-" "axios/1.12.2"
[2025-09-24T03:39:13.729Z] [p2p-server-P3] [INFO] 127.0.0.1 - - [24/Sep/2025:03:39:13 +0000] "GET /ping HTTP/1.1" 200 71 "-" "axios/1.12.2"
[2025-09-24T03:39:21.816Z] [p2p-server-P3] [INFO] Starting comprehensive health check
[2025-09-24T03:39:21.816Z] [p2p-server-P3] [DEBUG] Making GET request to http://localhost:9000/health | {"data":null,"headers":{}}
[2025-09-24T03:39:21.818Z] [p2p-server-P3] [DEBUG] Making GET request to http://localhost:9001/ping | {"data":null,"headers":{}}
[2025-09-24T03:39:21.819Z] [p2p-server-P3] [DEBUG] Making GET request to http://localhost:9003/ping | {"data":null,"headers":{}}
[2025-09-24T03:39:21.826Z] [p2p-server-P3] [DEBUG] Self health check completed | {"status":"healthy","sharedDirectory":{"path":"./shared-files/peer3","exists":true,"readable":true},"restPort":9005,"grpcPort":9006,"lastCheck":"2025-09-24T03:39:21.825Z"}
[2025-09-24T03:39:21.834Z] [p2p-server-P3] [DEBUG] Request successful | {"status":200,"data":{"status":"ok","message":"Directory server is healthy","timestamp":"2025-09-24T03:39:21.830Z"}}
[2025-09-24T03:39:21.835Z] [p2p-server-P3] [DEBUG] Directory server check completed | {"status":"healthy","url":"http://localhost:9000","responseTime":19,"lastCheck":"2025-09-24T03:39:21.835Z"}
[2025-09-24T03:39:21.837Z] [p2p-server-P3] [DEBUG] Request successful | {"status":200,"data":{"message":"pong","timestamp":"2025-09-24T03:39:21.830Z","peerId":"P1"}}
[2025-09-24T03:39:21.840Z] [p2p-server-P3] [DEBUG] Friend primary check completed | {"status":"online","url":"http://localhost:9001","responseTime":20,"lastCheck":"2025-09-24T03:39:21.838Z"}
[2025-09-24T03:39:21.845Z] [p2p-server-P3] [DEBUG] Request successful | {"status":200,"data":{"message":"pong","timestamp":"2025-09-24T03:39:21.830Z","peerId":"P2"}}
[2025-09-24T03:39:21.848Z] [p2p-server-P3] [DEBUG] Friend backup check completed | {"status":"online","url":"http://localhost:9003","responseTime":26,"lastCheck":"2025-09-24T03:39:21.845Z"}
[2025-09-24T03:39:21.849Z] [p2p-server-P3] [INFO] Health check completed | {"overallHealth":"healthy","responseTime":32,"failedChecks":0}
[2025-09-24T03:39:29.528Z] [p2p-server-P3] [INFO] 127.0.0.1 - - [24/Sep/2025:03:39:29 +0000] "GET /ping HTTP/1.1" 200 71 "-" "axios/1.12.2"
[2025-09-24T03:39:43.739Z] [p2p-server-P3] [INFO] 127.0.0.1 - - [24/Sep/2025:03:39:43 +0000] "GET /ping HTTP/1.1" 200 71 "-" "axios/1.12.2"
[2025-09-24T03:39:51.822Z] [p2p-server-P3] [INFO] Starting comprehensive health check
[2025-09-24T03:39:51.823Z] [p2p-server-P3] [DEBUG] Making GET request to http://localhost:9000/health | {"data":null,"headers":{}}
[2025-09-24T03:39:51.825Z] [p2p-server-P3] [DEBUG] Making GET request to http://localhost:9001/ping | {"data":null,"headers":{}}
[2025-09-24T03:39:51.826Z] [p2p-server-P3] [DEBUG] Making GET request to http://localhost:9003/ping | {"data":null,"headers":{}}
[2025-09-24T03:39:51.837Z] [p2p-server-P3] [DEBUG] Self health check completed | {"status":"healthy","sharedDirectory":{"path":"./shared-files/peer3","exists":true,"readable":true},"restPort":9005,"grpcPort":9006,"lastCheck":"2025-09-24T03:39:51.837Z"}
[2025-09-24T03:39:51.848Z] [p2p-server-P3] [DEBUG] Request successful | {"status":200,"data":{"status":"ok","message":"Directory server is healthy","timestamp":"2025-09-24T03:39:51.844Z"}}
[2025-09-24T03:39:51.850Z] [p2p-server-P3] [DEBUG] Directory server check completed | {"status":"healthy","url":"http://localhost:9000","responseTime":26,"lastCheck":"2025-09-24T03:39:51.848Z"}
[2025-09-24T03:39:51.856Z] [p2p-server-P3] [DEBUG] Friend primary check completed | {"status":"online","url":"http://localhost:9001","responseTime":31,"lastCheck":"2025-09-24T03:39:51.855Z"}
[2025-09-24T03:39:51.859Z] [p2p-server-P3] [DEBUG] Request successful | {"status":200,"data":{"message":"pong","timestamp":"2025-09-24T03:39:51.845Z","peerId":"P2"}}
[2025-09-24T03:39:51.854Z] [p2p-server-P3] [DEBUG] Request successful | {"status":200,"data":{"message":"pong","timestamp":"2025-09-24T03:39:51.845Z","peerId":"P1"}}
[2025-09-24T03:39:51.861Z] [p2p-server-P3] [DEBUG] Friend backup check completed | {"status":"online","url":"http://localhost:9003","responseTime":34,"lastCheck":"2025-09-24T03:39:51.860Z"}
[2025-09-24T03:39:51.862Z] [p2p-server-P3] [INFO] Health check completed | {"overallHealth":"healthy","responseTime":39,"failedChecks":0}
[2025-09-24T03:39:59.536Z] [p2p-server-P3] [INFO] 127.0.0.1 - - [24/Sep/2025:03:39:59 +0000] "GET /ping HTTP/1.1" 200 71 "-" "axios/1.12.2"
[2025-09-24T03:40:13.751Z] [p2p-server-P3] [INFO] 127.0.0.1 - - [24/Sep/2025:03:40:13 +0000] "GET /ping HTTP/1.1" 200 71 "-" "axios/1.12.2"
[2025-09-24T03:40:21.835Z] [p2p-server-P3] [INFO] Starting comprehensive health check
[2025-09-24T03:40:21.835Z] [p2p-server-P3] [DEBUG] Making GET request to http://localhost:9000/health | {"data":null,"headers":{}}
[2025-09-24T03:40:21.836Z] [p2p-server-P3] [DEBUG] Making GET request to http://localhost:9001/ping | {"data":null,"headers":{}}
[2025-09-24T03:40:21.838Z] [p2p-server-P3] [DEBUG] Making GET request to http://localhost:9003/ping | {"data":null,"headers":{}}
[2025-09-24T03:40:21.846Z] [p2p-server-P3] [DEBUG] Self health check completed | {"status":"healthy","sharedDirectory":{"path":"./shared-files/peer3","exists":true,"readable":true},"restPort":9005,"grpcPort":9006,"lastCheck":"2025-09-24T03:40:21.845Z"}
[2025-09-24T03:40:21.852Z] [p2p-server-P3] [DEBUG] Request successful | {"status":200,"data":{"status":"ok","message":"Directory server is healthy","timestamp":"2025-09-24T03:40:21.850Z"}}
[2025-09-24T03:40:21.853Z] [p2p-server-P3] [DEBUG] Directory server check completed | {"status":"healthy","url":"http://localhost:9000","responseTime":18,"lastCheck":"2025-09-24T03:40:21.853Z"}
[2025-09-24T03:40:21.855Z] [p2p-server-P3] [DEBUG] Request successful | {"status":200,"data":{"message":"pong","timestamp":"2025-09-24T03:40:21.851Z","peerId":"P1"}}
[2025-09-24T03:40:21.856Z] [p2p-server-P3] [DEBUG] Friend primary check completed | {"status":"online","url":"http://localhost:9001","responseTime":19,"lastCheck":"2025-09-24T03:40:21.855Z"}
[2025-09-24T03:40:21.858Z] [p2p-server-P3] [DEBUG] Request successful | {"status":200,"data":{"message":"pong","timestamp":"2025-09-24T03:40:21.851Z","peerId":"P2"}}
[2025-09-24T03:40:21.859Z] [p2p-server-P3] [DEBUG] Friend backup check completed | {"status":"online","url":"http://localhost:9003","responseTime":21,"lastCheck":"2025-09-24T03:40:21.858Z"}
[2025-09-24T03:40:21.859Z] [p2p-server-P3] [INFO] Health check completed | {"overallHealth":"healthy","responseTime":24,"failedChecks":0}
[2025-09-24T03:40:29.546Z] [p2p-server-P3] [INFO] 127.0.0.1 - - [24/Sep/2025:03:40:29 +0000] "GET /ping HTTP/1.1" 200 71 "-" "axios/1.12.2"
[2025-09-24T03:40:43.759Z] [p2p-server-P3] [INFO] 127.0.0.1 - - [24/Sep/2025:03:40:43 +0000] "GET /ping HTTP/1.1" 200 71 "-" "axios/1.12.2"
[2025-09-24T03:40:51.836Z] [p2p-server-P3] [INFO] Starting comprehensive health check
[2025-09-24T03:40:51.837Z] [p2p-server-P3] [DEBUG] Making GET request to http://localhost:9000/health | {"data":null,"headers":{}}
[2025-09-24T03:40:51.839Z] [p2p-server-P3] [DEBUG] Making GET request to http://localhost:9001/ping | {"data":null,"headers":{}}
[2025-09-24T03:40:51.840Z] [p2p-server-P3] [DEBUG] Making GET request to http://localhost:9003/ping | {"data":null,"headers":{}}
[2025-09-24T03:40:51.849Z] [p2p-server-P3] [DEBUG] Self health check completed | {"status":"healthy","sharedDirectory":{"path":"./shared-files/peer3","exists":true,"readable":true},"restPort":9005,"grpcPort":9006,"lastCheck":"2025-09-24T03:40:51.849Z"}
[2025-09-24T03:40:51.857Z] [p2p-server-P3] [DEBUG] Request successful | {"status":200,"data":{"status":"ok","message":"Directory server is healthy","timestamp":"2025-09-24T03:40:51.854Z"}}
[2025-09-24T03:40:51.860Z] [p2p-server-P3] [DEBUG] Request successful | {"status":200,"data":{"message":"pong","timestamp":"2025-09-24T03:40:51.855Z","peerId":"P2"}}
[2025-09-24T03:40:51.861Z] [p2p-server-P3] [DEBUG] Friend backup check completed | {"status":"online","url":"http://localhost:9003","responseTime":21,"lastCheck":"2025-09-24T03:40:51.861Z"}
[2025-09-24T03:40:51.858Z] [p2p-server-P3] [DEBUG] Directory server check completed | {"status":"healthy","url":"http://localhost:9000","responseTime":21,"lastCheck":"2025-09-24T03:40:51.857Z"}
[2025-09-24T03:40:51.864Z] [p2p-server-P3] [DEBUG] Request successful | {"status":200,"data":{"message":"pong","timestamp":"2025-09-24T03:40:51.855Z","peerId":"P1"}}
[2025-09-24T03:40:51.865Z] [p2p-server-P3] [DEBUG] Friend primary check completed | {"status":"online","url":"http://localhost:9001","responseTime":27,"lastCheck":"2025-09-24T03:40:51.865Z"}
[2025-09-24T03:40:51.866Z] [p2p-server-P3] [INFO] Health check completed | {"overallHealth":"healthy","responseTime":30,"failedChecks":0}
[2025-09-24T03:40:59.556Z] [p2p-server-P3] [INFO] 127.0.0.1 - - [24/Sep/2025:03:40:59 +0000] "GET /ping HTTP/1.1" 200 71 "-" "axios/1.12.2"
[2025-09-24T03:41:13.769Z] [p2p-server-P3] [INFO] 127.0.0.1 - - [24/Sep/2025:03:41:13 +0000] "GET /ping HTTP/1.1" 200 71 "-" "axios/1.12.2"
[2025-09-24T03:41:21.843Z] [p2p-server-P3] [INFO] Starting comprehensive health check
[2025-09-24T03:41:21.844Z] [p2p-server-P3] [DEBUG] Making GET request to http://localhost:9000/health | {"data":null,"headers":{}}
[2025-09-24T03:41:21.844Z] [p2p-server-P3] [DEBUG] Making GET request to http://localhost:9001/ping | {"data":null,"headers":{}}
[2025-09-24T03:41:21.845Z] [p2p-server-P3] [DEBUG] Making GET request to http://localhost:9003/ping | {"data":null,"headers":{}}
[2025-09-24T03:41:21.848Z] [p2p-server-P3] [DEBUG] Self health check completed | {"status":"healthy","sharedDirectory":{"path":"./shared-files/peer3","exists":true,"readable":true},"restPort":9005,"grpcPort":9006,"lastCheck":"2025-09-24T03:41:21.848Z"}
[2025-09-24T03:41:21.851Z] [p2p-server-P3] [DEBUG] Request successful | {"status":200,"data":{"status":"ok","message":"Directory server is healthy","timestamp":"2025-09-24T03:41:21.850Z"}}
[2025-09-24T03:41:21.852Z] [p2p-server-P3] [DEBUG] Directory server check completed | {"status":"healthy","url":"http://localhost:9000","responseTime":9,"lastCheck":"2025-09-24T03:41:21.852Z"}
[2025-09-24T03:41:21.853Z] [p2p-server-P3] [DEBUG] Friend backup check completed | {"status":"online","url":"http://localhost:9003","responseTime":8,"lastCheck":"2025-09-24T03:41:21.853Z"}
[2025-09-24T03:41:21.853Z] [p2p-server-P3] [DEBUG] Request successful | {"status":200,"data":{"message":"pong","timestamp":"2025-09-24T03:41:21.850Z","peerId":"P2"}}
[2025-09-24T03:41:21.854Z] [p2p-server-P3] [DEBUG] Friend primary check completed | {"status":"online","url":"http://localhost:9001","responseTime":10,"lastCheck":"2025-09-24T03:41:21.854Z"}
[2025-09-24T03:41:21.854Z] [p2p-server-P3] [INFO] Health check completed | {"overallHealth":"healthy","responseTime":11,"failedChecks":0}
[2025-09-24T03:41:21.854Z] [p2p-server-P3] [DEBUG] Request successful | {"status":200,"data":{"message":"pong","timestamp":"2025-09-24T03:41:21.851Z","peerId":"P1"}}
[2025-09-24T03:41:29.588Z] [p2p-server-P3] [INFO] 127.0.0.1 - - [24/Sep/2025:03:41:29 +0000] "GET /ping HTTP/1.1" 200 71 "-" "axios/1.12.2"
[2025-09-24T03:41:44.045Z] [p2p-server-P3] [INFO] 127.0.0.1 - - [24/Sep/2025:03:41:44 +0000] "GET /ping HTTP/1.1" 200 71 "-" "axios/1.12.2"
[2025-09-24T03:41:51.857Z] [p2p-server-P3] [INFO] Starting comprehensive health check
[2025-09-24T03:41:51.858Z] [p2p-server-P3] [DEBUG] Making GET request to http://localhost:9000/health | {"data":null,"headers":{}}
[2025-09-24T03:41:51.859Z] [p2p-server-P3] [DEBUG] Making GET request to http://localhost:9001/ping | {"data":null,"headers":{}}
[2025-09-24T03:41:51.860Z] [p2p-server-P3] [DEBUG] Making GET request to http://localhost:9003/ping | {"data":null,"headers":{}}
[2025-09-24T03:41:51.865Z] [p2p-server-P3] [DEBUG] Self health check completed | {"status":"healthy","sharedDirectory":{"path":"./shared-files/peer3","exists":true,"readable":true},"restPort":9005,"grpcPort":9006,"lastCheck":"2025-09-24T03:41:51.865Z"}
[2025-09-24T03:41:51.870Z] [p2p-server-P3] [DEBUG] Request successful | {"status":200,"data":{"status":"ok","message":"Directory server is healthy","timestamp":"2025-09-24T03:41:51.869Z"}}
[2025-09-24T03:41:51.870Z] [p2p-server-P3] [DEBUG] Directory server check completed | {"status":"healthy","url":"http://localhost:9000","responseTime":13,"lastCheck":"2025-09-24T03:41:51.870Z"}
[2025-09-24T03:41:51.871Z] [p2p-server-P3] [DEBUG] Request successful | {"status":200,"data":{"message":"pong","timestamp":"2025-09-24T03:41:51.869Z","peerId":"P1"}}
[2025-09-24T03:41:51.871Z] [p2p-server-P3] [DEBUG] Friend primary check completed | {"status":"online","url":"http://localhost:9001","responseTime":12,"lastCheck":"2025-09-24T03:41:51.871Z"}
[2025-09-24T03:41:51.872Z] [p2p-server-P3] [DEBUG] Friend backup check completed | {"status":"online","url":"http://localhost:9003","responseTime":12,"lastCheck":"2025-09-24T03:41:51.872Z"}
[2025-09-24T03:41:51.872Z] [p2p-server-P3] [DEBUG] Request successful | {"status":200,"data":{"message":"pong","timestamp":"2025-09-24T03:41:51.869Z","peerId":"P2"}}
[2025-09-24T03:41:51.873Z] [p2p-server-P3] [INFO] Health check completed | {"overallHealth":"healthy","responseTime":15,"failedChecks":0}
[2025-09-24T03:41:59.563Z] [p2p-server-P3] [INFO] 127.0.0.1 - - [24/Sep/2025:03:41:59 +0000] "GET /ping HTTP/1.1" 200 71 "-" "axios/1.12.2"
[2025-09-24T03:42:13.801Z] [p2p-server-P3] [INFO] 127.0.0.1 - - [24/Sep/2025:03:42:13 +0000] "GET /ping HTTP/1.1" 200 71 "-" "axios/1.12.2"
[2025-09-24T03:42:21.859Z] [p2p-server-P3] [INFO] Starting comprehensive health check
[2025-09-24T03:42:21.859Z] [p2p-server-P3] [DEBUG] Making GET request to http://localhost:9000/health | {"data":null,"headers":{}}
[2025-09-24T03:42:21.860Z] [p2p-server-P3] [DEBUG] Making GET request to http://localhost:9001/ping | {"data":null,"headers":{}}
[2025-09-24T03:42:21.862Z] [p2p-server-P3] [DEBUG] Making GET request to http://localhost:9003/ping | {"data":null,"headers":{}}
[2025-09-24T03:42:21.869Z] [p2p-server-P3] [DEBUG] Self health check completed | {"status":"healthy","sharedDirectory":{"path":"./shared-files/peer3","exists":true,"readable":true},"restPort":9005,"grpcPort":9006,"lastCheck":"2025-09-24T03:42:21.868Z"}
[2025-09-24T03:42:21.874Z] [p2p-server-P3] [DEBUG] Request successful | {"status":200,"data":{"status":"ok","message":"Directory server is healthy","timestamp":"2025-09-24T03:42:21.873Z"}}
[2025-09-24T03:42:21.875Z] [p2p-server-P3] [DEBUG] Directory server check completed | {"status":"healthy","url":"http://localhost:9000","responseTime":15,"lastCheck":"2025-09-24T03:42:21.875Z"}
[2025-09-24T03:42:21.879Z] [p2p-server-P3] [DEBUG] Friend backup check completed | {"status":"online","url":"http://localhost:9003","responseTime":18,"lastCheck":"2025-09-24T03:42:21.879Z"}
[2025-09-24T03:42:21.880Z] [p2p-server-P3] [INFO] Health check completed | {"overallHealth":"healthy","responseTime":20,"failedChecks":0}
[2025-09-24T03:42:21.877Z] [p2p-server-P3] [DEBUG] Friend primary check completed | {"status":"online","url":"http://localhost:9001","responseTime":17,"lastCheck":"2025-09-24T03:42:21.877Z"}
[2025-09-24T03:42:21.876Z] [p2p-server-P3] [DEBUG] Request successful | {"status":200,"data":{"message":"pong","timestamp":"2025-09-24T03:42:21.873Z","peerId":"P1"}}
[2025-09-24T03:42:21.879Z] [p2p-server-P3] [DEBUG] Request successful | {"status":200,"data":{"message":"pong","timestamp":"2025-09-24T03:42:21.873Z","peerId":"P2"}}
[2025-09-24T03:42:29.570Z] [p2p-server-P3] [INFO] 127.0.0.1 - - [24/Sep/2025:03:42:29 +0000] "GET /ping HTTP/1.1" 200 71 "-" "axios/1.12.2"
[2025-09-24T03:42:43.806Z] [p2p-server-P3] [INFO] 127.0.0.1 - - [24/Sep/2025:03:42:43 +0000] "GET /ping HTTP/1.1" 200 71 "-" "axios/1.12.2"
[2025-09-24T03:42:51.873Z] [p2p-server-P3] [INFO] Starting comprehensive health check
[2025-09-24T03:42:51.873Z] [p2p-server-P3] [DEBUG] Making GET request to http://localhost:9000/health | {"data":null,"headers":{}}
[2025-09-24T03:42:51.874Z] [p2p-server-P3] [DEBUG] Making GET request to http://localhost:9001/ping | {"data":null,"headers":{}}
[2025-09-24T03:42:51.875Z] [p2p-server-P3] [DEBUG] Making GET request to http://localhost:9003/ping | {"data":null,"headers":{}}
[2025-09-24T03:42:51.880Z] [p2p-server-P3] [DEBUG] Self health check completed | {"status":"healthy","sharedDirectory":{"path":"./shared-files/peer3","exists":true,"readable":true},"restPort":9005,"grpcPort":9006,"lastCheck":"2025-09-24T03:42:51.880Z"}
[2025-09-24T03:42:51.881Z] [p2p-server-P3] [DEBUG] Request successful | {"status":200,"data":{"status":"ok","message":"Directory server is healthy","timestamp":"2025-09-24T03:42:51.881Z"}}
[2025-09-24T03:42:51.882Z] [p2p-server-P3] [DEBUG] Directory server check completed | {"status":"healthy","url":"http://localhost:9000","responseTime":8,"lastCheck":"2025-09-24T03:42:51.881Z"}
[2025-09-24T03:42:51.882Z] [p2p-server-P3] [DEBUG] Request successful | {"status":200,"data":{"message":"pong","timestamp":"2025-09-24T03:42:51.881Z","peerId":"P1"}}
[2025-09-24T03:42:51.884Z] [p2p-server-P3] [DEBUG] Request successful | {"status":200,"data":{"message":"pong","timestamp":"2025-09-24T03:42:51.881Z","peerId":"P2"}}
[2025-09-24T03:42:51.884Z] [p2p-server-P3] [DEBUG] Friend backup check completed | {"status":"online","url":"http://localhost:9003","responseTime":9,"lastCheck":"2025-09-24T03:42:51.884Z"}
[2025-09-24T03:42:51.884Z] [p2p-server-P3] [INFO] Health check completed | {"overallHealth":"healthy","responseTime":11,"failedChecks":0}
[2025-09-24T03:42:51.883Z] [p2p-server-P3] [DEBUG] Friend primary check completed | {"status":"online","url":"http://localhost:9001","responseTime":8,"lastCheck":"2025-09-24T03:42:51.883Z"}
[2025-09-24T03:42:59.573Z] [p2p-server-P3] [INFO] 127.0.0.1 - - [24/Sep/2025:03:42:59 +0000] "GET /ping HTTP/1.1" 200 71 "-" "axios/1.12.2"
[2025-09-24T03:43:13.824Z] [p2p-server-P3] [INFO] 127.0.0.1 - - [24/Sep/2025:03:43:13 +0000] "GET /ping HTTP/1.1" 200 71 "-" "axios/1.12.2"
[2025-09-24T03:43:21.876Z] [p2p-server-P3] [INFO] Starting comprehensive health check
[2025-09-24T03:43:21.876Z] [p2p-server-P3] [DEBUG] Making GET request to http://localhost:9000/health | {"data":null,"headers":{}}
[2025-09-24T03:43:21.877Z] [p2p-server-P3] [DEBUG] Making GET request to http://localhost:9001/ping | {"data":null,"headers":{}}
[2025-09-24T03:43:21.878Z] [p2p-server-P3] [DEBUG] Making GET request to http://localhost:9003/ping | {"data":null,"headers":{}}
[2025-09-24T03:43:21.881Z] [p2p-server-P3] [DEBUG] Self health check completed | {"status":"healthy","sharedDirectory":{"path":"./shared-files/peer3","exists":true,"readable":true},"restPort":9005,"grpcPort":9006,"lastCheck":"2025-09-24T03:43:21.881Z"}
[2025-09-24T03:43:21.885Z] [p2p-server-P3] [DEBUG] Request successful | {"status":200,"data":{"status":"ok","message":"Directory server is healthy","timestamp":"2025-09-24T03:43:21.884Z"}}
[2025-09-24T03:43:21.885Z] [p2p-server-P3] [DEBUG] Directory server check completed | {"status":"healthy","url":"http://localhost:9000","responseTime":9,"lastCheck":"2025-09-24T03:43:21.885Z"}
[2025-09-24T03:43:21.887Z] [p2p-server-P3] [DEBUG] Request successful | {"status":200,"data":{"message":"pong","timestamp":"2025-09-24T03:43:21.884Z","peerId":"P2"}}
[2025-09-24T03:43:21.887Z] [p2p-server-P3] [DEBUG] Friend primary check completed | {"status":"online","url":"http://localhost:9001","responseTime":10,"lastCheck":"2025-09-24T03:43:21.887Z"}
[2025-09-24T03:43:21.888Z] [p2p-server-P3] [INFO] Health check completed | {"overallHealth":"healthy","responseTime":12,"failedChecks":0}
[2025-09-24T03:43:21.886Z] [p2p-server-P3] [DEBUG] Request successful | {"status":200,"data":{"message":"pong","timestamp":"2025-09-24T03:43:21.884Z","peerId":"P1"}}
[2025-09-24T03:43:21.888Z] [p2p-server-P3] [DEBUG] Friend backup check completed | {"status":"online","url":"http://localhost:9003","responseTime":10,"lastCheck":"2025-09-24T03:43:21.888Z"}
[2025-09-24T03:43:29.579Z] [p2p-server-P3] [INFO] 127.0.0.1 - - [24/Sep/2025:03:43:29 +0000] "GET /ping HTTP/1.1" 200 71 "-" "axios/1.12.2"
[2025-09-24T03:43:43.819Z] [p2p-server-P3] [INFO] 127.0.0.1 - - [24/Sep/2025:03:43:43 +0000] "GET /ping HTTP/1.1" 200 71 "-" "axios/1.12.2"
[2025-09-24T03:43:51.877Z] [p2p-server-P3] [INFO] Starting comprehensive health check
[2025-09-24T03:43:51.877Z] [p2p-server-P3] [DEBUG] Making GET request to http://localhost:9000/health | {"data":null,"headers":{}}
[2025-09-24T03:43:51.878Z] [p2p-server-P3] [DEBUG] Making GET request to http://localhost:9001/ping | {"data":null,"headers":{}}
[2025-09-24T03:43:51.879Z] [p2p-server-P3] [DEBUG] Making GET request to http://localhost:9003/ping | {"data":null,"headers":{}}
[2025-09-24T03:43:51.882Z] [p2p-server-P3] [DEBUG] Self health check completed | {"status":"healthy","sharedDirectory":{"path":"./shared-files/peer3","exists":true,"readable":true},"restPort":9005,"grpcPort":9006,"lastCheck":"2025-09-24T03:43:51.882Z"}
[2025-09-24T03:43:51.886Z] [p2p-server-P3] [DEBUG] Request successful | {"status":200,"data":{"message":"pong","timestamp":"2025-09-24T03:43:51.884Z","peerId":"P2"}}
[2025-09-24T03:43:51.886Z] [p2p-server-P3] [DEBUG] Friend backup check completed | {"status":"online","url":"http://localhost:9003","responseTime":7,"lastCheck":"2025-09-24T03:43:51.886Z"}
[2025-09-24T03:43:51.887Z] [p2p-server-P3] [DEBUG] Friend primary check completed | {"status":"online","url":"http://localhost:9001","responseTime":8,"lastCheck":"2025-09-24T03:43:51.886Z"}
[2025-09-24T03:43:51.887Z] [p2p-server-P3] [DEBUG] Request successful | {"status":200,"data":{"status":"ok","message":"Directory server is healthy","timestamp":"2025-09-24T03:43:51.885Z"}}
[2025-09-24T03:43:51.887Z] [p2p-server-P3] [DEBUG] Directory server check completed | {"status":"healthy","url":"http://localhost:9000","responseTime":10,"lastCheck":"2025-09-24T03:43:51.887Z"}
[2025-09-24T03:43:51.886Z] [p2p-server-P3] [DEBUG] Request successful | {"status":200,"data":{"message":"pong","timestamp":"2025-09-24T03:43:51.884Z","peerId":"P1"}}
[2025-09-24T03:43:51.887Z] [p2p-server-P3] [INFO] Health check completed | {"overallHealth":"healthy","responseTime":10,"failedChecks":0}
[2025-09-24T03:43:59.609Z] [p2p-server-P3] [INFO] 127.0.0.1 - - [24/Sep/2025:03:43:59 +0000] "GET /ping HTTP/1.1" 200 71 "-" "axios/1.12.2"
[2025-09-24T03:46:24.224Z] [p2p-server-P3] [INFO] Servidor P2P inicializado exitosamente | {"peerId":"P3","restPort":9005,"grpcPort":9006,"sharedDirectory":"./shared-files/peer3"}
[2025-09-24T03:46:24.231Z] [p2p-server-P3] [INFO] Servidor P2P REST iniciado | {"port":9005,"ip":"0.0.0.0","url":"http://0.0.0.0:9005"}
[2025-09-24T03:46:26.266Z] [p2p-server-P3] [INFO] Starting periodic health checks | {"interval":30000}
[2025-09-24T03:46:32.463Z] [p2p-server-P3] [INFO] 127.0.0.1 - - [24/Sep/2025:03:46:32 +0000] "GET /ping HTTP/1.1" 200 71 "-" "axios/1.12.2"
[2025-09-24T03:46:42.617Z] [p2p-server-P3] [INFO] 127.0.0.1 - - [24/Sep/2025:03:46:42 +0000] "GET /ping HTTP/1.1" 200 71 "-" "axios/1.12.2"
[2025-09-24T03:46:56.283Z] [p2p-server-P3] [INFO] Starting comprehensive health check
[2025-09-24T03:46:56.284Z] [p2p-server-P3] [DEBUG] Making GET request to http://localhost:9000/health | {"data":null,"headers":{}}
[2025-09-24T03:46:56.292Z] [p2p-server-P3] [DEBUG] Making GET request to http://localhost:9001/ping | {"data":null,"headers":{}}
[2025-09-24T03:46:56.296Z] [p2p-server-P3] [DEBUG] Making GET request to http://localhost:9003/ping | {"data":null,"headers":{}}
[2025-09-24T03:46:56.323Z] [p2p-server-P3] [DEBUG] Self health check completed | {"status":"healthy","sharedDirectory":{"path":"./shared-files/peer3","exists":true,"readable":true},"restPort":9005,"grpcPort":9006,"lastCheck":"2025-09-24T03:46:56.322Z"}
[2025-09-24T03:46:56.332Z] [p2p-server-P3] [DEBUG] Request successful | {"status":200,"data":{"status":"ok","message":"Directory server is healthy","timestamp":"2025-09-24T03:46:56.328Z"}}
[2025-09-24T03:46:56.334Z] [p2p-server-P3] [DEBUG] Directory server check completed | {"status":"healthy","url":"http://localhost:9000","responseTime":50,"lastCheck":"2025-09-24T03:46:56.333Z"}
[2025-09-24T03:46:56.339Z] [p2p-server-P3] [DEBUG] Request successful | {"status":200,"data":{"message":"pong","timestamp":"2025-09-24T03:46:56.329Z","peerId":"P1"}}
[2025-09-24T03:46:56.340Z] [p2p-server-P3] [DEBUG] Friend primary check completed | {"status":"online","url":"http://localhost:9001","responseTime":49,"lastCheck":"2025-09-24T03:46:56.340Z"}
[2025-09-24T03:46:56.349Z] [p2p-server-P3] [DEBUG] Friend backup check completed | {"status":"online","url":"http://localhost:9003","responseTime":54,"lastCheck":"2025-09-24T03:46:56.349Z"}
[2025-09-24T03:46:56.348Z] [p2p-server-P3] [DEBUG] Request successful | {"status":200,"data":{"message":"pong","timestamp":"2025-09-24T03:46:56.330Z","peerId":"P2"}}
[2025-09-24T03:46:56.350Z] [p2p-server-P3] [INFO] Health check completed | {"overallHealth":"healthy","responseTime":66,"failedChecks":0}
[2025-09-24T03:47:02.477Z] [p2p-server-P3] [INFO] 127.0.0.1 - - [24/Sep/2025:03:47:02 +0000] "GET /ping HTTP/1.1" 200 71 "-" "axios/1.12.2"
[2025-09-24T03:47:12.593Z] [p2p-server-P3] [INFO] 127.0.0.1 - - [24/Sep/2025:03:47:12 +0000] "GET /ping HTTP/1.1" 200 71 "-" "axios/1.12.2"
[2025-09-24T03:47:26.285Z] [p2p-server-P3] [INFO] Starting comprehensive health check
[2025-09-24T03:47:26.286Z] [p2p-server-P3] [DEBUG] Making GET request to http://localhost:9000/health | {"data":null,"headers":{}}
[2025-09-24T03:47:26.289Z] [p2p-server-P3] [DEBUG] Making GET request to http://localhost:9001/ping | {"data":null,"headers":{}}
[2025-09-24T03:47:26.292Z] [p2p-server-P3] [DEBUG] Making GET request to http://localhost:9003/ping | {"data":null,"headers":{}}
[2025-09-24T03:47:26.311Z] [p2p-server-P3] [DEBUG] Self health check completed | {"status":"healthy","sharedDirectory":{"path":"./shared-files/peer3","exists":true,"readable":true},"restPort":9005,"grpcPort":9006,"lastCheck":"2025-09-24T03:47:26.310Z"}
[2025-09-24T03:47:26.316Z] [p2p-server-P3] [DEBUG] Request successful | {"status":200,"data":{"status":"ok","message":"Directory server is healthy","timestamp":"2025-09-24T03:47:26.312Z"}}
[2025-09-24T03:47:26.317Z] [p2p-server-P3] [DEBUG] Directory server check completed | {"status":"healthy","url":"http://localhost:9000","responseTime":31,"lastCheck":"2025-09-24T03:47:26.316Z"}
[2025-09-24T03:47:26.323Z] [p2p-server-P3] [DEBUG] Request successful | {"status":200,"data":{"message":"pong","timestamp":"2025-09-24T03:47:26.314Z","peerId":"P2"}}
[2025-09-24T03:47:26.324Z] [p2p-server-P3] [INFO] Health check completed | {"overallHealth":"healthy","responseTime":39,"failedChecks":0}
[2025-09-24T03:47:26.320Z] [p2p-server-P3] [DEBUG] Friend primary check completed | {"status":"online","url":"http://localhost:9001","responseTime":30,"lastCheck":"2025-09-24T03:47:26.319Z"}
[2025-09-24T03:47:26.319Z] [p2p-server-P3] [DEBUG] Request successful | {"status":200,"data":{"message":"pong","timestamp":"2025-09-24T03:47:26.314Z","peerId":"P1"}}
[2025-09-24T03:47:26.324Z] [p2p-server-P3] [DEBUG] Friend backup check completed | {"status":"online","url":"http://localhost:9003","responseTime":31,"lastCheck":"2025-09-24T03:47:26.323Z"}
[2025-09-24T03:47:28.471Z] [p2p-server-P3] [INFO] 127.0.0.1 - - [24/Sep/2025:03:47:28 +0000] "GET /download/sample3.txt HTTP/1.1" 200 21 "-" "axios/1.12.2"
[2025-09-24T03:47:32.476Z] [p2p-server-P3] [INFO] 127.0.0.1 - - [24/Sep/2025:03:47:32 +0000] "GET /ping HTTP/1.1" 200 71 "-" "axios/1.12.2"
[2025-09-24T03:47:42.608Z] [p2p-server-P3] [INFO] 127.0.0.1 - - [24/Sep/2025:03:47:42 +0000] "GET /ping HTTP/1.1" 200 71 "-" "axios/1.12.2"
[2025-09-24T03:47:56.300Z] [p2p-server-P3] [INFO] Starting comprehensive health check
[2025-09-24T03:47:56.301Z] [p2p-server-P3] [DEBUG] Making GET request to http://localhost:9000/health | {"data":null,"headers":{}}
[2025-09-24T03:47:56.303Z] [p2p-server-P3] [DEBUG] Making GET request to http://localhost:9001/ping | {"data":null,"headers":{}}
[2025-09-24T03:47:56.304Z] [p2p-server-P3] [DEBUG] Making GET request to http://localhost:9003/ping | {"data":null,"headers":{}}
[2025-09-24T03:47:56.309Z] [p2p-server-P3] [DEBUG] Self health check completed | {"status":"healthy","sharedDirectory":{"path":"./shared-files/peer3","exists":true,"readable":true},"restPort":9005,"grpcPort":9006,"lastCheck":"2025-09-24T03:47:56.309Z"}
[2025-09-24T03:47:56.311Z] [p2p-server-P3] [DEBUG] Request successful | {"status":200,"data":{"status":"ok","message":"Directory server is healthy","timestamp":"2025-09-24T03:47:56.309Z"}}
[2025-09-24T03:47:56.311Z] [p2p-server-P3] [DEBUG] Directory server check completed | {"status":"healthy","url":"http://localhost:9000","responseTime":10,"lastCheck":"2025-09-24T03:47:56.311Z"}
[2025-09-24T03:47:56.312Z] [p2p-server-P3] [DEBUG] Friend primary check completed | {"status":"online","url":"http://localhost:9001","responseTime":9,"lastCheck":"2025-09-24T03:47:56.312Z"}
[2025-09-24T03:47:56.312Z] [p2p-server-P3] [DEBUG] Friend backup check completed | {"status":"online","url":"http://localhost:9003","responseTime":8,"lastCheck":"2025-09-24T03:47:56.312Z"}
[2025-09-24T03:47:56.313Z] [p2p-server-P3] [INFO] Health check completed | {"overallHealth":"healthy","responseTime":11,"failedChecks":0}
[2025-09-24T03:47:56.312Z] [p2p-server-P3] [DEBUG] Request successful | {"status":200,"data":{"message":"pong","timestamp":"2025-09-24T03:47:56.310Z","peerId":"P2"}}
[2025-09-24T03:47:56.311Z] [p2p-server-P3] [DEBUG] Request successful | {"status":200,"data":{"message":"pong","timestamp":"2025-09-24T03:47:56.310Z","peerId":"P1"}}
[2025-09-24T03:48:02.485Z] [p2p-server-P3] [INFO] 127.0.0.1 - - [24/Sep/2025:03:48:02 +0000] "GET /ping HTTP/1.1" 200 71 "-" "axios/1.12.2"
[2025-09-24T03:48:12.612Z] [p2p-server-P3] [INFO] 127.0.0.1 - - [24/Sep/2025:03:48:12 +0000] "GET /ping HTTP/1.1" 200 71 "-" "axios/1.12.2"
[2025-09-24T03:48:26.316Z] [p2p-server-P3] [INFO] Starting comprehensive health check
[2025-09-24T03:48:26.317Z] [p2p-server-P3] [DEBUG] Making GET request to http://localhost:9000/health | {"data":null,"headers":{}}
[2025-09-24T03:48:26.318Z] [p2p-server-P3] [DEBUG] Making GET request to http://localhost:9001/ping | {"data":null,"headers":{}}
[2025-09-24T03:48:26.319Z] [p2p-server-P3] [DEBUG] Making GET request to http://localhost:9003/ping | {"data":null,"headers":{}}
[2025-09-24T03:48:26.324Z] [p2p-server-P3] [DEBUG] Self health check completed | {"status":"healthy","sharedDirectory":{"path":"./shared-files/peer3","exists":true,"readable":true},"restPort":9005,"grpcPort":9006,"lastCheck":"2025-09-24T03:48:26.323Z"}
[2025-09-24T03:48:26.327Z] [p2p-server-P3] [DEBUG] Request successful | {"status":200,"data":{"status":"ok","message":"Directory server is healthy","timestamp":"2025-09-24T03:48:26.325Z"}}
[2025-09-24T03:48:26.327Z] [p2p-server-P3] [DEBUG] Directory server check completed | {"status":"healthy","url":"http://localhost:9000","responseTime":11,"lastCheck":"2025-09-24T03:48:26.327Z"}
[2025-09-24T03:48:26.328Z] [p2p-server-P3] [DEBUG] Friend primary check completed | {"status":"online","url":"http://localhost:9001","responseTime":10,"lastCheck":"2025-09-24T03:48:26.328Z"}
[2025-09-24T03:48:26.329Z] [p2p-server-P3] [DEBUG] Request successful | {"status":200,"data":{"message":"pong","timestamp":"2025-09-24T03:48:26.326Z","peerId":"P2"}}
[2025-09-24T03:48:26.329Z] [p2p-server-P3] [DEBUG] Friend backup check completed | {"status":"online","url":"http://localhost:9003","responseTime":10,"lastCheck":"2025-09-24T03:48:26.329Z"}
[2025-09-24T03:48:26.330Z] [p2p-server-P3] [INFO] Health check completed | {"overallHealth":"healthy","responseTime":14,"failedChecks":0}
[2025-09-24T03:48:26.327Z] [p2p-server-P3] [DEBUG] Request successful | {"status":200,"data":{"message":"pong","timestamp":"2025-09-24T03:48:26.326Z","peerId":"P1"}}
[2025-09-24T03:48:32.505Z] [p2p-server-P3] [INFO] 127.0.0.1 - - [24/Sep/2025:03:48:32 +0000] "GET /ping HTTP/1.1" 200 71 "-" "axios/1.12.2"
[2025-09-24T03:48:35.533Z] [p2p-server-P3] [INFO] 127.0.0.1 - - [24/Sep/2025:03:48:35 +0000] "GET /download/sample3.txt HTTP/1.1" 200 21 "-" "axios/1.12.2"
[2025-09-24T03:48:42.623Z] [p2p-server-P3] [INFO] 127.0.0.1 - - [24/Sep/2025:03:48:42 +0000] "GET /ping HTTP/1.1" 200 71 "-" "axios/1.12.2"
[2025-09-24T03:48:56.317Z] [p2p-server-P3] [INFO] Starting comprehensive health check
[2025-09-24T03:48:56.318Z] [p2p-server-P3] [DEBUG] Making GET request to http://localhost:9000/health | {"data":null,"headers":{}}
[2025-09-24T03:48:56.320Z] [p2p-server-P3] [DEBUG] Making GET request to http://localhost:9001/ping | {"data":null,"headers":{}}
[2025-09-24T03:48:56.322Z] [p2p-server-P3] [DEBUG] Making GET request to http://localhost:9003/ping | {"data":null,"headers":{}}
[2025-09-24T03:48:56.326Z] [p2p-server-P3] [DEBUG] Self health check completed | {"status":"healthy","sharedDirectory":{"path":"./shared-files/peer3","exists":true,"readable":true},"restPort":9005,"grpcPort":9006,"lastCheck":"2025-09-24T03:48:56.326Z"}
[2025-09-24T03:48:56.328Z] [p2p-server-P3] [DEBUG] Request successful | {"status":200,"data":{"status":"ok","message":"Directory server is healthy","timestamp":"2025-09-24T03:48:56.327Z"}}
[2025-09-24T03:48:56.328Z] [p2p-server-P3] [DEBUG] Directory server check completed | {"status":"healthy","url":"http://localhost:9000","responseTime":11,"lastCheck":"2025-09-24T03:48:56.328Z"}
[2025-09-24T03:48:56.328Z] [p2p-server-P3] [DEBUG] Request successful | {"status":200,"data":{"message":"pong","timestamp":"2025-09-24T03:48:56.327Z","peerId":"P1"}}
[2025-09-24T03:48:56.329Z] [p2p-server-P3] [DEBUG] Friend primary check completed | {"status":"online","url":"http://localhost:9001","responseTime":9,"lastCheck":"2025-09-24T03:48:56.329Z"}
[2025-09-24T03:48:56.330Z] [p2p-server-P3] [DEBUG] Request successful | {"status":200,"data":{"message":"pong","timestamp":"2025-09-24T03:48:56.327Z","peerId":"P2"}}
[2025-09-24T03:48:56.330Z] [p2p-server-P3] [DEBUG] Friend backup check completed | {"status":"online","url":"http://localhost:9003","responseTime":9,"lastCheck":"2025-09-24T03:48:56.330Z"}
[2025-09-24T03:48:56.330Z] [p2p-server-P3] [INFO] Health check completed | {"overallHealth":"healthy","responseTime":13,"failedChecks":0}
[2025-09-24T03:49:02.495Z] [p2p-server-P3] [INFO] 127.0.0.1 - - [24/Sep/2025:03:49:02 +0000] "GET /ping HTTP/1.1" 200 71 "-" "axios/1.12.2"
[2025-09-24T03:49:12.619Z] [p2p-server-P3] [INFO] 127.0.0.1 - - [24/Sep/2025:03:49:12 +0000] "GET /ping HTTP/1.1" 200 71 "-" "axios/1.12.2"
