[2025-09-24T03:35:41.630Z] [p2p-server-P2] [INFO] Servidor P2P inicializado exitosamente | {"peerId":"P2","restPort":9003,"grpcPort":9004,"sharedDirectory":"./shared-files/peer2"}
[2025-09-24T03:35:41.636Z] [p2p-server-P2] [INFO] Servidor P2P REST iniciado | {"port":9003,"ip":"0.0.0.0","url":"http://0.0.0.0:9003"}
[2025-09-24T03:35:43.656Z] [p2p-server-P2] [INFO] Starting periodic health checks | {"interval":30000}
[2025-09-24T03:35:59.493Z] [p2p-server-P2] [INFO] 127.0.0.1 - - [24/Sep/2025:03:35:59 +0000] "GET /ping HTTP/1.1" 200 71 "-" "axios/1.12.2"
[2025-09-24T03:36:07.992Z] [p2p-server-P2] [INFO] 127.0.0.1 - - [24/Sep/2025:03:36:07 +0000] "GET /download/sample2.txt HTTP/1.1" 200 21 "-" "axios/1.12.2"
[2025-09-24T03:36:13.668Z] [p2p-server-P2] [INFO] Starting comprehensive health check
[2025-09-24T03:36:13.669Z] [p2p-server-P2] [DEBUG] Making GET request to http://localhost:9000/health | {"data":null,"headers":{}}
[2025-09-24T03:36:13.675Z] [p2p-server-P2] [DEBUG] Making GET request to http://localhost:9005/ping | {"data":null,"headers":{}}
[2025-09-24T03:36:13.680Z] [p2p-server-P2] [DEBUG] Making GET request to http://localhost:9001/ping | {"data":null,"headers":{}}
[2025-09-24T03:36:13.696Z] [p2p-server-P2] [DEBUG] Self health check completed | {"status":"healthy","sharedDirectory":{"path":"./shared-files/peer2","exists":true,"readable":true},"restPort":9003,"grpcPort":9004,"lastCheck":"2025-09-24T03:36:13.696Z"}
[2025-09-24T03:36:13.704Z] [p2p-server-P2] [DEBUG] Request successful | {"status":200,"data":{"status":"ok","message":"Directory server is healthy","timestamp":"2025-09-24T03:36:13.699Z"}}
[2025-09-24T03:36:13.705Z] [p2p-server-P2] [DEBUG] Directory server check completed | {"status":"healthy","url":"http://localhost:9000","responseTime":36,"lastCheck":"2025-09-24T03:36:13.705Z"}
[2025-09-24T03:36:13.710Z] [p2p-server-P2] [DEBUG] Request successful | {"status":200,"data":{"message":"pong","timestamp":"2025-09-24T03:36:13.700Z","peerId":"P1"}}
[2025-09-24T03:36:13.711Z] [p2p-server-P2] [DEBUG] Friend backup check completed | {"status":"online","url":"http://localhost:9001","responseTime":31,"lastCheck":"2025-09-24T03:36:13.710Z"}
[2025-09-24T03:36:13.713Z] [p2p-server-P2] [DEBUG] Request successful | {"status":200,"data":{"message":"pong","timestamp":"2025-09-24T03:36:13.701Z","peerId":"P3"}}
[2025-09-24T03:36:13.714Z] [p2p-server-P2] [DEBUG] Friend primary check completed | {"status":"online","url":"http://localhost:9005","responseTime":39,"lastCheck":"2025-09-24T03:36:13.713Z"}
[2025-09-24T03:36:13.715Z] [p2p-server-P2] [INFO] Health check completed | {"overallHealth":"healthy","responseTime":45,"failedChecks":0}
[2025-09-24T03:36:21.780Z] [p2p-server-P2] [INFO] 127.0.0.1 - - [24/Sep/2025:03:36:21 +0000] "GET /ping HTTP/1.1" 200 71 "-" "axios/1.12.2"
[2025-09-24T03:36:29.482Z] [p2p-server-P2] [INFO] 127.0.0.1 - - [24/Sep/2025:03:36:29 +0000] "GET /ping HTTP/1.1" 200 71 "-" "axios/1.12.2"
[2025-09-24T03:36:43.681Z] [p2p-server-P2] [INFO] Starting comprehensive health check
[2025-09-24T03:36:43.682Z] [p2p-server-P2] [DEBUG] Making GET request to http://localhost:9000/health | {"data":null,"headers":{}}
[2025-09-24T03:36:43.683Z] [p2p-server-P2] [DEBUG] Making GET request to http://localhost:9005/ping | {"data":null,"headers":{}}
[2025-09-24T03:36:43.685Z] [p2p-server-P2] [DEBUG] Making GET request to http://localhost:9001/ping | {"data":null,"headers":{}}
[2025-09-24T03:36:43.704Z] [p2p-server-P2] [DEBUG] Self health check completed | {"status":"healthy","sharedDirectory":{"path":"./shared-files/peer2","exists":true,"readable":true},"restPort":9003,"grpcPort":9004,"lastCheck":"2025-09-24T03:36:43.703Z"}
[2025-09-24T03:36:43.709Z] [p2p-server-P2] [DEBUG] Request successful | {"status":200,"data":{"status":"ok","message":"Directory server is healthy","timestamp":"2025-09-24T03:36:43.706Z"}}
[2025-09-24T03:36:43.711Z] [p2p-server-P2] [DEBUG] Directory server check completed | {"status":"healthy","url":"http://localhost:9000","responseTime":29,"lastCheck":"2025-09-24T03:36:43.710Z"}
[2025-09-24T03:36:43.715Z] [p2p-server-P2] [DEBUG] Request successful | {"status":200,"data":{"message":"pong","timestamp":"2025-09-24T03:36:43.708Z","peerId":"P1"}}
[2025-09-24T03:36:43.722Z] [p2p-server-P2] [DEBUG] Request successful | {"status":200,"data":{"message":"pong","timestamp":"2025-09-24T03:36:43.709Z","peerId":"P3"}}
[2025-09-24T03:36:43.722Z] [p2p-server-P2] [DEBUG] Friend primary check completed | {"status":"online","url":"http://localhost:9005","responseTime":39,"lastCheck":"2025-09-24T03:36:43.722Z"}
[2025-09-24T03:36:43.723Z] [p2p-server-P2] [INFO] Health check completed | {"overallHealth":"healthy","responseTime":42,"failedChecks":0}
[2025-09-24T03:36:43.716Z] [p2p-server-P2] [DEBUG] Friend backup check completed | {"status":"online","url":"http://localhost:9001","responseTime":31,"lastCheck":"2025-09-24T03:36:43.716Z"}
[2025-09-24T03:36:51.791Z] [p2p-server-P2] [INFO] 127.0.0.1 - - [24/Sep/2025:03:36:51 +0000] "GET /ping HTTP/1.1" 200 71 "-" "axios/1.12.2"
[2025-09-24T03:36:59.490Z] [p2p-server-P2] [INFO] 127.0.0.1 - - [24/Sep/2025:03:36:59 +0000] "GET /ping HTTP/1.1" 200 71 "-" "axios/1.12.2"
[2025-09-24T03:37:13.689Z] [p2p-server-P2] [DEBUG] Making GET request to http://localhost:9000/health | {"data":null,"headers":{}}
[2025-09-24T03:37:13.688Z] [p2p-server-P2] [INFO] Starting comprehensive health check
[2025-09-24T03:37:13.691Z] [p2p-server-P2] [DEBUG] Making GET request to http://localhost:9005/ping | {"data":null,"headers":{}}
[2025-09-24T03:37:13.692Z] [p2p-server-P2] [DEBUG] Making GET request to http://localhost:9001/ping | {"data":null,"headers":{}}
[2025-09-24T03:37:13.697Z] [p2p-server-P2] [DEBUG] Self health check completed | {"status":"healthy","sharedDirectory":{"path":"./shared-files/peer2","exists":true,"readable":true},"restPort":9003,"grpcPort":9004,"lastCheck":"2025-09-24T03:37:13.697Z"}
[2025-09-24T03:37:13.700Z] [p2p-server-P2] [DEBUG] Request successful | {"status":200,"data":{"status":"ok","message":"Directory server is healthy","timestamp":"2025-09-24T03:37:13.699Z"}}
[2025-09-24T03:37:13.700Z] [p2p-server-P2] [DEBUG] Directory server check completed | {"status":"healthy","url":"http://localhost:9000","responseTime":12,"lastCheck":"2025-09-24T03:37:13.700Z"}
[2025-09-24T03:37:13.701Z] [p2p-server-P2] [DEBUG] Request successful | {"status":200,"data":{"message":"pong","timestamp":"2025-09-24T03:37:13.699Z","peerId":"P3"}}
[2025-09-24T03:37:13.701Z] [p2p-server-P2] [DEBUG] Friend primary check completed | {"status":"online","url":"http://localhost:9005","responseTime":11,"lastCheck":"2025-09-24T03:37:13.701Z"}
[2025-09-24T03:37:13.702Z] [p2p-server-P2] [DEBUG] Friend backup check completed | {"status":"online","url":"http://localhost:9001","responseTime":10,"lastCheck":"2025-09-24T03:37:13.702Z"}
[2025-09-24T03:37:13.702Z] [p2p-server-P2] [DEBUG] Request successful | {"status":200,"data":{"message":"pong","timestamp":"2025-09-24T03:37:13.699Z","peerId":"P1"}}
[2025-09-24T03:37:13.702Z] [p2p-server-P2] [INFO] Health check completed | {"overallHealth":"healthy","responseTime":14,"failedChecks":0}
[2025-09-24T03:37:21.803Z] [p2p-server-P2] [INFO] 127.0.0.1 - - [24/Sep/2025:03:37:21 +0000] "GET /ping HTTP/1.1" 200 71 "-" "axios/1.12.2"
[2025-09-24T03:37:29.497Z] [p2p-server-P2] [INFO] 127.0.0.1 - - [24/Sep/2025:03:37:29 +0000] "GET /ping HTTP/1.1" 200 71 "-" "axios/1.12.2"
[2025-09-24T03:37:43.698Z] [p2p-server-P2] [INFO] Starting comprehensive health check
[2025-09-24T03:37:43.699Z] [p2p-server-P2] [DEBUG] Making GET request to http://localhost:9000/health | {"data":null,"headers":{}}
[2025-09-24T03:37:43.700Z] [p2p-server-P2] [DEBUG] Making GET request to http://localhost:9005/ping | {"data":null,"headers":{}}
[2025-09-24T03:37:43.700Z] [p2p-server-P2] [DEBUG] Making GET request to http://localhost:9001/ping | {"data":null,"headers":{}}
[2025-09-24T03:37:43.703Z] [p2p-server-P2] [DEBUG] Self health check completed | {"status":"healthy","sharedDirectory":{"path":"./shared-files/peer2","exists":true,"readable":true},"restPort":9003,"grpcPort":9004,"lastCheck":"2025-09-24T03:37:43.703Z"}
[2025-09-24T03:37:43.705Z] [p2p-server-P2] [DEBUG] Request successful | {"status":200,"data":{"status":"ok","message":"Directory server is healthy","timestamp":"2025-09-24T03:37:43.704Z"}}
[2025-09-24T03:37:43.705Z] [p2p-server-P2] [DEBUG] Directory server check completed | {"status":"healthy","url":"http://localhost:9000","responseTime":6,"lastCheck":"2025-09-24T03:37:43.705Z"}
[2025-09-24T03:37:43.706Z] [p2p-server-P2] [DEBUG] Request successful | {"status":200,"data":{"message":"pong","timestamp":"2025-09-24T03:37:43.704Z","peerId":"P3"}}
[2025-09-24T03:37:43.706Z] [p2p-server-P2] [DEBUG] Friend primary check completed | {"status":"online","url":"http://localhost:9005","responseTime":7,"lastCheck":"2025-09-24T03:37:43.706Z"}
[2025-09-24T03:37:43.707Z] [p2p-server-P2] [DEBUG] Request successful | {"status":200,"data":{"message":"pong","timestamp":"2025-09-24T03:37:43.705Z","peerId":"P1"}}
[2025-09-24T03:37:43.707Z] [p2p-server-P2] [DEBUG] Friend backup check completed | {"status":"online","url":"http://localhost:9001","responseTime":7,"lastCheck":"2025-09-24T03:37:43.707Z"}
[2025-09-24T03:37:43.707Z] [p2p-server-P2] [INFO] Health check completed | {"overallHealth":"healthy","responseTime":8,"failedChecks":0}
[2025-09-24T03:37:51.812Z] [p2p-server-P2] [INFO] 127.0.0.1 - - [24/Sep/2025:03:37:51 +0000] "GET /ping HTTP/1.1" 200 71 "-" "axios/1.12.2"
[2025-09-24T03:37:59.508Z] [p2p-server-P2] [INFO] 127.0.0.1 - - [24/Sep/2025:03:37:59 +0000] "GET /ping HTTP/1.1" 200 71 "-" "axios/1.12.2"
[2025-09-24T03:38:13.704Z] [p2p-server-P2] [INFO] Starting comprehensive health check
[2025-09-24T03:38:13.704Z] [p2p-server-P2] [DEBUG] Making GET request to http://localhost:9000/health | {"data":null,"headers":{}}
[2025-09-24T03:38:13.706Z] [p2p-server-P2] [DEBUG] Making GET request to http://localhost:9005/ping | {"data":null,"headers":{}}
[2025-09-24T03:38:13.708Z] [p2p-server-P2] [DEBUG] Making GET request to http://localhost:9001/ping | {"data":null,"headers":{}}
[2025-09-24T03:38:13.719Z] [p2p-server-P2] [DEBUG] Self health check completed | {"status":"healthy","sharedDirectory":{"path":"./shared-files/peer2","exists":true,"readable":true},"restPort":9003,"grpcPort":9004,"lastCheck":"2025-09-24T03:38:13.719Z"}
[2025-09-24T03:38:13.723Z] [p2p-server-P2] [DEBUG] Request successful | {"status":200,"data":{"status":"ok","message":"Directory server is healthy","timestamp":"2025-09-24T03:38:13.721Z"}}
[2025-09-24T03:38:13.725Z] [p2p-server-P2] [DEBUG] Directory server check completed | {"status":"healthy","url":"http://localhost:9000","responseTime":20,"lastCheck":"2025-09-24T03:38:13.724Z"}
[2025-09-24T03:38:13.728Z] [p2p-server-P2] [DEBUG] Request successful | {"status":200,"data":{"message":"pong","timestamp":"2025-09-24T03:38:13.722Z","peerId":"P1"}}
[2025-09-24T03:38:13.729Z] [p2p-server-P2] [DEBUG] Friend backup check completed | {"status":"online","url":"http://localhost:9001","responseTime":21,"lastCheck":"2025-09-24T03:38:13.729Z"}
[2025-09-24T03:38:13.732Z] [p2p-server-P2] [DEBUG] Friend primary check completed | {"status":"online","url":"http://localhost:9005","responseTime":26,"lastCheck":"2025-09-24T03:38:13.732Z"}
[2025-09-24T03:38:13.733Z] [p2p-server-P2] [INFO] Health check completed | {"overallHealth":"healthy","responseTime":29,"failedChecks":0}
[2025-09-24T03:38:13.732Z] [p2p-server-P2] [DEBUG] Request successful | {"status":200,"data":{"message":"pong","timestamp":"2025-09-24T03:38:13.722Z","peerId":"P3"}}
[2025-09-24T03:38:21.839Z] [p2p-server-P2] [INFO] 127.0.0.1 - - [24/Sep/2025:03:38:21 +0000] "GET /ping HTTP/1.1" 200 71 "-" "axios/1.12.2"
[2025-09-24T03:38:29.505Z] [p2p-server-P2] [INFO] 127.0.0.1 - - [24/Sep/2025:03:38:29 +0000] "GET /ping HTTP/1.1" 200 71 "-" "axios/1.12.2"
[2025-09-24T03:38:43.710Z] [p2p-server-P2] [INFO] Starting comprehensive health check
[2025-09-24T03:38:43.711Z] [p2p-server-P2] [DEBUG] Making GET request to http://localhost:9000/health | {"data":null,"headers":{}}
[2025-09-24T03:38:43.712Z] [p2p-server-P2] [DEBUG] Making GET request to http://localhost:9005/ping | {"data":null,"headers":{}}
[2025-09-24T03:38:43.713Z] [p2p-server-P2] [DEBUG] Making GET request to http://localhost:9001/ping | {"data":null,"headers":{}}
[2025-09-24T03:38:43.717Z] [p2p-server-P2] [DEBUG] Self health check completed | {"status":"healthy","sharedDirectory":{"path":"./shared-files/peer2","exists":true,"readable":true},"restPort":9003,"grpcPort":9004,"lastCheck":"2025-09-24T03:38:43.716Z"}
[2025-09-24T03:38:43.720Z] [p2p-server-P2] [DEBUG] Request successful | {"status":200,"data":{"status":"ok","message":"Directory server is healthy","timestamp":"2025-09-24T03:38:43.718Z"}}
[2025-09-24T03:38:43.721Z] [p2p-server-P2] [DEBUG] Directory server check completed | {"status":"healthy","url":"http://localhost:9000","responseTime":10,"lastCheck":"2025-09-24T03:38:43.720Z"}
[2025-09-24T03:38:43.723Z] [p2p-server-P2] [DEBUG] Request successful | {"status":200,"data":{"message":"pong","timestamp":"2025-09-24T03:38:43.718Z","peerId":"P1"}}
[2025-09-24T03:38:43.724Z] [p2p-server-P2] [DEBUG] Friend backup check completed | {"status":"online","url":"http://localhost:9001","responseTime":10,"lastCheck":"2025-09-24T03:38:43.723Z"}
[2025-09-24T03:38:43.724Z] [p2p-server-P2] [INFO] Health check completed | {"overallHealth":"healthy","responseTime":14,"failedChecks":0}
[2025-09-24T03:38:43.724Z] [p2p-server-P2] [DEBUG] Friend primary check completed | {"status":"online","url":"http://localhost:9005","responseTime":12,"lastCheck":"2025-09-24T03:38:43.724Z"}
[2025-09-24T03:38:43.724Z] [p2p-server-P2] [DEBUG] Request successful | {"status":200,"data":{"message":"pong","timestamp":"2025-09-24T03:38:43.718Z","peerId":"P3"}}
[2025-09-24T03:38:51.812Z] [p2p-server-P2] [INFO] 127.0.0.1 - - [24/Sep/2025:03:38:51 +0000] "GET /ping HTTP/1.1" 200 71 "-" "axios/1.12.2"
[2025-09-24T03:38:59.525Z] [p2p-server-P2] [INFO] 127.0.0.1 - - [24/Sep/2025:03:38:59 +0000] "GET /ping HTTP/1.1" 200 71 "-" "axios/1.12.2"
[2025-09-24T03:39:13.716Z] [p2p-server-P2] [INFO] Starting comprehensive health check
[2025-09-24T03:39:13.716Z] [p2p-server-P2] [DEBUG] Making GET request to http://localhost:9000/health | {"data":null,"headers":{}}
[2025-09-24T03:39:13.717Z] [p2p-server-P2] [DEBUG] Making GET request to http://localhost:9005/ping | {"data":null,"headers":{}}
[2025-09-24T03:39:13.718Z] [p2p-server-P2] [DEBUG] Making GET request to http://localhost:9001/ping | {"data":null,"headers":{}}
[2025-09-24T03:39:13.726Z] [p2p-server-P2] [DEBUG] Self health check completed | {"status":"healthy","sharedDirectory":{"path":"./shared-files/peer2","exists":true,"readable":true},"restPort":9003,"grpcPort":9004,"lastCheck":"2025-09-24T03:39:13.726Z"}
[2025-09-24T03:39:13.729Z] [p2p-server-P2] [DEBUG] Request successful | {"status":200,"data":{"status":"ok","message":"Directory server is healthy","timestamp":"2025-09-24T03:39:13.729Z"}}
[2025-09-24T03:39:13.730Z] [p2p-server-P2] [DEBUG] Directory server check completed | {"status":"healthy","url":"http://localhost:9000","responseTime":13,"lastCheck":"2025-09-24T03:39:13.729Z"}
[2025-09-24T03:39:13.730Z] [p2p-server-P2] [DEBUG] Request successful | {"status":200,"data":{"message":"pong","timestamp":"2025-09-24T03:39:13.729Z","peerId":"P3"}}
[2025-09-24T03:39:13.731Z] [p2p-server-P2] [DEBUG] Friend primary check completed | {"status":"online","url":"http://localhost:9005","responseTime":14,"lastCheck":"2025-09-24T03:39:13.731Z"}
[2025-09-24T03:39:13.732Z] [p2p-server-P2] [DEBUG] Request successful | {"status":200,"data":{"message":"pong","timestamp":"2025-09-24T03:39:13.729Z","peerId":"P1"}}
[2025-09-24T03:39:13.732Z] [p2p-server-P2] [DEBUG] Friend backup check completed | {"status":"online","url":"http://localhost:9001","responseTime":14,"lastCheck":"2025-09-24T03:39:13.732Z"}
[2025-09-24T03:39:13.732Z] [p2p-server-P2] [INFO] Health check completed | {"overallHealth":"healthy","responseTime":16,"failedChecks":0}
[2025-09-24T03:39:21.832Z] [p2p-server-P2] [INFO] 127.0.0.1 - - [24/Sep/2025:03:39:21 +0000] "GET /ping HTTP/1.1" 200 71 "-" "axios/1.12.2"
[2025-09-24T03:39:29.528Z] [p2p-server-P2] [INFO] 127.0.0.1 - - [24/Sep/2025:03:39:29 +0000] "GET /ping HTTP/1.1" 200 71 "-" "axios/1.12.2"
[2025-09-24T03:39:43.726Z] [p2p-server-P2] [DEBUG] Making GET request to http://localhost:9000/health | {"data":null,"headers":{}}
[2025-09-24T03:39:43.725Z] [p2p-server-P2] [INFO] Starting comprehensive health check
[2025-09-24T03:39:43.727Z] [p2p-server-P2] [DEBUG] Making GET request to http://localhost:9005/ping | {"data":null,"headers":{}}
[2025-09-24T03:39:43.729Z] [p2p-server-P2] [DEBUG] Making GET request to http://localhost:9001/ping | {"data":null,"headers":{}}
[2025-09-24T03:39:43.736Z] [p2p-server-P2] [DEBUG] Self health check completed | {"status":"healthy","sharedDirectory":{"path":"./shared-files/peer2","exists":true,"readable":true},"restPort":9003,"grpcPort":9004,"lastCheck":"2025-09-24T03:39:43.735Z"}
[2025-09-24T03:39:43.739Z] [p2p-server-P2] [DEBUG] Request successful | {"status":200,"data":{"status":"ok","message":"Directory server is healthy","timestamp":"2025-09-24T03:39:43.738Z"}}
[2025-09-24T03:39:43.740Z] [p2p-server-P2] [DEBUG] Directory server check completed | {"status":"healthy","url":"http://localhost:9000","responseTime":14,"lastCheck":"2025-09-24T03:39:43.740Z"}
[2025-09-24T03:39:43.741Z] [p2p-server-P2] [DEBUG] Request successful | {"status":200,"data":{"message":"pong","timestamp":"2025-09-24T03:39:43.739Z","peerId":"P3"}}
[2025-09-24T03:39:43.742Z] [p2p-server-P2] [DEBUG] Friend primary check completed | {"status":"online","url":"http://localhost:9005","responseTime":15,"lastCheck":"2025-09-24T03:39:43.742Z"}
[2025-09-24T03:39:43.743Z] [p2p-server-P2] [INFO] Health check completed | {"overallHealth":"healthy","responseTime":17,"failedChecks":0}
[2025-09-24T03:39:43.743Z] [p2p-server-P2] [DEBUG] Friend backup check completed | {"status":"online","url":"http://localhost:9001","responseTime":15,"lastCheck":"2025-09-24T03:39:43.743Z"}
[2025-09-24T03:39:43.743Z] [p2p-server-P2] [DEBUG] Request successful | {"status":200,"data":{"message":"pong","timestamp":"2025-09-24T03:39:43.739Z","peerId":"P1"}}
[2025-09-24T03:39:51.848Z] [p2p-server-P2] [INFO] 127.0.0.1 - - [24/Sep/2025:03:39:51 +0000] "GET /ping HTTP/1.1" 200 71 "-" "axios/1.12.2"
[2025-09-24T03:39:59.536Z] [p2p-server-P2] [INFO] 127.0.0.1 - - [24/Sep/2025:03:39:59 +0000] "GET /ping HTTP/1.1" 200 71 "-" "axios/1.12.2"
[2025-09-24T03:40:13.735Z] [p2p-server-P2] [INFO] Starting comprehensive health check
[2025-09-24T03:40:13.736Z] [p2p-server-P2] [DEBUG] Making GET request to http://localhost:9000/health | {"data":null,"headers":{}}
[2025-09-24T03:40:13.737Z] [p2p-server-P2] [DEBUG] Making GET request to http://localhost:9005/ping | {"data":null,"headers":{}}
[2025-09-24T03:40:13.738Z] [p2p-server-P2] [DEBUG] Making GET request to http://localhost:9001/ping | {"data":null,"headers":{}}
[2025-09-24T03:40:13.744Z] [p2p-server-P2] [DEBUG] Self health check completed | {"status":"healthy","sharedDirectory":{"path":"./shared-files/peer2","exists":true,"readable":true},"restPort":9003,"grpcPort":9004,"lastCheck":"2025-09-24T03:40:13.744Z"}
[2025-09-24T03:40:13.751Z] [p2p-server-P2] [DEBUG] Request successful | {"status":200,"data":{"status":"ok","message":"Directory server is healthy","timestamp":"2025-09-24T03:40:13.748Z"}}
[2025-09-24T03:40:13.751Z] [p2p-server-P2] [DEBUG] Directory server check completed | {"status":"healthy","url":"http://localhost:9000","responseTime":16,"lastCheck":"2025-09-24T03:40:13.751Z"}
[2025-09-24T03:40:13.753Z] [p2p-server-P2] [DEBUG] Request successful | {"status":200,"data":{"message":"pong","timestamp":"2025-09-24T03:40:13.748Z","peerId":"P3"}}
[2025-09-24T03:40:13.753Z] [p2p-server-P2] [DEBUG] Friend primary check completed | {"status":"online","url":"http://localhost:9005","responseTime":17,"lastCheck":"2025-09-24T03:40:13.753Z"}
[2025-09-24T03:40:13.754Z] [p2p-server-P2] [DEBUG] Request successful | {"status":200,"data":{"message":"pong","timestamp":"2025-09-24T03:40:13.749Z","peerId":"P1"}}
[2025-09-24T03:40:13.754Z] [p2p-server-P2] [DEBUG] Friend backup check completed | {"status":"online","url":"http://localhost:9001","responseTime":17,"lastCheck":"2025-09-24T03:40:13.754Z"}
[2025-09-24T03:40:13.755Z] [p2p-server-P2] [INFO] Health check completed | {"overallHealth":"healthy","responseTime":19,"failedChecks":0}
[2025-09-24T03:40:21.852Z] [p2p-server-P2] [INFO] 127.0.0.1 - - [24/Sep/2025:03:40:21 +0000] "GET /ping HTTP/1.1" 200 71 "-" "axios/1.12.2"
[2025-09-24T03:40:29.546Z] [p2p-server-P2] [INFO] 127.0.0.1 - - [24/Sep/2025:03:40:29 +0000] "GET /ping HTTP/1.1" 200 71 "-" "axios/1.12.2"
[2025-09-24T03:40:43.748Z] [p2p-server-P2] [INFO] Starting comprehensive health check
[2025-09-24T03:40:43.748Z] [p2p-server-P2] [DEBUG] Making GET request to http://localhost:9000/health | {"data":null,"headers":{}}
[2025-09-24T03:40:43.750Z] [p2p-server-P2] [DEBUG] Making GET request to http://localhost:9005/ping | {"data":null,"headers":{}}
[2025-09-24T03:40:43.751Z] [p2p-server-P2] [DEBUG] Making GET request to http://localhost:9001/ping | {"data":null,"headers":{}}
[2025-09-24T03:40:43.757Z] [p2p-server-P2] [DEBUG] Self health check completed | {"status":"healthy","sharedDirectory":{"path":"./shared-files/peer2","exists":true,"readable":true},"restPort":9003,"grpcPort":9004,"lastCheck":"2025-09-24T03:40:43.756Z"}
[2025-09-24T03:40:43.759Z] [p2p-server-P2] [DEBUG] Request successful | {"status":200,"data":{"status":"ok","message":"Directory server is healthy","timestamp":"2025-09-24T03:40:43.758Z"}}
[2025-09-24T03:40:43.759Z] [p2p-server-P2] [DEBUG] Directory server check completed | {"status":"healthy","url":"http://localhost:9000","responseTime":11,"lastCheck":"2025-09-24T03:40:43.759Z"}
[2025-09-24T03:40:43.760Z] [p2p-server-P2] [DEBUG] Request successful | {"status":200,"data":{"message":"pong","timestamp":"2025-09-24T03:40:43.758Z","peerId":"P3"}}
[2025-09-24T03:40:43.760Z] [p2p-server-P2] [DEBUG] Friend primary check completed | {"status":"online","url":"http://localhost:9005","responseTime":10,"lastCheck":"2025-09-24T03:40:43.760Z"}
[2025-09-24T03:40:43.761Z] [p2p-server-P2] [DEBUG] Request successful | {"status":200,"data":{"message":"pong","timestamp":"2025-09-24T03:40:43.759Z","peerId":"P1"}}
[2025-09-24T03:40:43.761Z] [p2p-server-P2] [DEBUG] Friend backup check completed | {"status":"online","url":"http://localhost:9001","responseTime":10,"lastCheck":"2025-09-24T03:40:43.761Z"}
[2025-09-24T03:40:43.761Z] [p2p-server-P2] [INFO] Health check completed | {"overallHealth":"healthy","responseTime":13,"failedChecks":0}
[2025-09-24T03:40:51.857Z] [p2p-server-P2] [INFO] 127.0.0.1 - - [24/Sep/2025:03:40:51 +0000] "GET /ping HTTP/1.1" 200 71 "-" "axios/1.12.2"
[2025-09-24T03:40:59.556Z] [p2p-server-P2] [INFO] 127.0.0.1 - - [24/Sep/2025:03:40:59 +0000] "GET /ping HTTP/1.1" 200 71 "-" "axios/1.12.2"
[2025-09-24T03:41:13.761Z] [p2p-server-P2] [DEBUG] Making GET request to http://localhost:9000/health | {"data":null,"headers":{}}
[2025-09-24T03:41:13.761Z] [p2p-server-P2] [INFO] Starting comprehensive health check
[2025-09-24T03:41:13.762Z] [p2p-server-P2] [DEBUG] Making GET request to http://localhost:9005/ping | {"data":null,"headers":{}}
[2025-09-24T03:41:13.763Z] [p2p-server-P2] [DEBUG] Making GET request to http://localhost:9001/ping | {"data":null,"headers":{}}
[2025-09-24T03:41:13.766Z] [p2p-server-P2] [DEBUG] Self health check completed | {"status":"healthy","sharedDirectory":{"path":"./shared-files/peer2","exists":true,"readable":true},"restPort":9003,"grpcPort":9004,"lastCheck":"2025-09-24T03:41:13.766Z"}
[2025-09-24T03:41:13.769Z] [p2p-server-P2] [DEBUG] Request successful | {"status":200,"data":{"status":"ok","message":"Directory server is healthy","timestamp":"2025-09-24T03:41:13.768Z"}}
[2025-09-24T03:41:13.770Z] [p2p-server-P2] [DEBUG] Directory server check completed | {"status":"healthy","url":"http://localhost:9000","responseTime":8,"lastCheck":"2025-09-24T03:41:13.769Z"}
[2025-09-24T03:41:13.770Z] [p2p-server-P2] [DEBUG] Friend primary check completed | {"status":"online","url":"http://localhost:9005","responseTime":8,"lastCheck":"2025-09-24T03:41:13.770Z"}
[2025-09-24T03:41:13.770Z] [p2p-server-P2] [DEBUG] Request successful | {"status":200,"data":{"message":"pong","timestamp":"2025-09-24T03:41:13.768Z","peerId":"P3"}}
[2025-09-24T03:41:13.772Z] [p2p-server-P2] [DEBUG] Friend backup check completed | {"status":"online","url":"http://localhost:9001","responseTime":9,"lastCheck":"2025-09-24T03:41:13.772Z"}
[2025-09-24T03:41:13.772Z] [p2p-server-P2] [DEBUG] Request successful | {"status":200,"data":{"message":"pong","timestamp":"2025-09-24T03:41:13.770Z","peerId":"P1"}}
[2025-09-24T03:41:13.772Z] [p2p-server-P2] [INFO] Health check completed | {"overallHealth":"healthy","responseTime":11,"failedChecks":0}
[2025-09-24T03:41:21.851Z] [p2p-server-P2] [INFO] 127.0.0.1 - - [24/Sep/2025:03:41:21 +0000] "GET /ping HTTP/1.1" 200 71 "-" "axios/1.12.2"
[2025-09-24T03:41:29.586Z] [p2p-server-P2] [INFO] 127.0.0.1 - - [24/Sep/2025:03:41:29 +0000] "GET /ping HTTP/1.1" 200 71 "-" "axios/1.12.2"
[2025-09-24T03:41:43.782Z] [p2p-server-P2] [INFO] Starting comprehensive health check
[2025-09-24T03:41:43.803Z] [p2p-server-P2] [DEBUG] Making GET request to http://localhost:9000/health | {"data":null,"headers":{}}
[2025-09-24T03:41:43.818Z] [p2p-server-P2] [DEBUG] Making GET request to http://localhost:9005/ping | {"data":null,"headers":{}}
[2025-09-24T03:41:43.837Z] [p2p-server-P2] [DEBUG] Making GET request to http://localhost:9001/ping | {"data":null,"headers":{}}
[2025-09-24T03:41:44.004Z] [p2p-server-P2] [DEBUG] Self health check completed | {"status":"healthy","sharedDirectory":{"path":"./shared-files/peer2","exists":true,"readable":true},"restPort":9003,"grpcPort":9004,"lastCheck":"2025-09-24T03:41:43.980Z"}
[2025-09-24T03:41:44.062Z] [p2p-server-P2] [DEBUG] Request successful | {"status":200,"data":{"status":"ok","message":"Directory server is healthy","timestamp":"2025-09-24T03:41:44.036Z"}}
[2025-09-24T03:41:44.095Z] [p2p-server-P2] [DEBUG] Directory server check completed | {"status":"healthy","url":"http://localhost:9000","responseTime":280,"lastCheck":"2025-09-24T03:41:44.062Z"}
[2025-09-24T03:41:44.139Z] [p2p-server-P2] [DEBUG] Friend primary check completed | {"status":"online","url":"http://localhost:9005","responseTime":306,"lastCheck":"2025-09-24T03:41:44.111Z"}
[2025-09-24T03:41:44.110Z] [p2p-server-P2] [DEBUG] Request successful | {"status":200,"data":{"message":"pong","timestamp":"2025-09-24T03:41:44.036Z","peerId":"P3"}}
[2025-09-24T03:41:44.178Z] [p2p-server-P2] [DEBUG] Request successful | {"status":200,"data":{"message":"pong","timestamp":"2025-09-24T03:41:44.037Z","peerId":"P1"}}
[2025-09-24T03:41:44.189Z] [p2p-server-P2] [DEBUG] Friend backup check completed | {"status":"online","url":"http://localhost:9001","responseTime":358,"lastCheck":"2025-09-24T03:41:44.179Z"}
[2025-09-24T03:41:44.212Z] [p2p-server-P2] [INFO] Health check completed | {"overallHealth":"healthy","responseTime":407,"failedChecks":0}
[2025-09-24T03:41:51.870Z] [p2p-server-P2] [INFO] 127.0.0.1 - - [24/Sep/2025:03:41:51 +0000] "GET /ping HTTP/1.1" 200 71 "-" "axios/1.12.2"
[2025-09-24T03:41:59.563Z] [p2p-server-P2] [INFO] 127.0.0.1 - - [24/Sep/2025:03:41:59 +0000] "GET /ping HTTP/1.1" 200 71 "-" "axios/1.12.2"
[2025-09-24T03:42:13.788Z] [p2p-server-P2] [INFO] Starting comprehensive health check
[2025-09-24T03:42:13.788Z] [p2p-server-P2] [DEBUG] Making GET request to http://localhost:9000/health | {"data":null,"headers":{}}
[2025-09-24T03:42:13.790Z] [p2p-server-P2] [DEBUG] Making GET request to http://localhost:9005/ping | {"data":null,"headers":{}}
[2025-09-24T03:42:13.791Z] [p2p-server-P2] [DEBUG] Making GET request to http://localhost:9001/ping | {"data":null,"headers":{}}
[2025-09-24T03:42:13.797Z] [p2p-server-P2] [DEBUG] Self health check completed | {"status":"healthy","sharedDirectory":{"path":"./shared-files/peer2","exists":true,"readable":true},"restPort":9003,"grpcPort":9004,"lastCheck":"2025-09-24T03:42:13.797Z"}
[2025-09-24T03:42:13.802Z] [p2p-server-P2] [DEBUG] Request successful | {"status":200,"data":{"status":"ok","message":"Directory server is healthy","timestamp":"2025-09-24T03:42:13.800Z"}}
[2025-09-24T03:42:13.802Z] [p2p-server-P2] [DEBUG] Directory server check completed | {"status":"healthy","url":"http://localhost:9000","responseTime":14,"lastCheck":"2025-09-24T03:42:13.802Z"}
[2025-09-24T03:42:13.805Z] [p2p-server-P2] [DEBUG] Friend primary check completed | {"status":"online","url":"http://localhost:9005","responseTime":15,"lastCheck":"2025-09-24T03:42:13.805Z"}
[2025-09-24T03:42:13.807Z] [p2p-server-P2] [DEBUG] Request successful | {"status":200,"data":{"message":"pong","timestamp":"2025-09-24T03:42:13.800Z","peerId":"P1"}}
[2025-09-24T03:42:13.805Z] [p2p-server-P2] [DEBUG] Request successful | {"status":200,"data":{"message":"pong","timestamp":"2025-09-24T03:42:13.800Z","peerId":"P3"}}
[2025-09-24T03:42:13.807Z] [p2p-server-P2] [DEBUG] Friend backup check completed | {"status":"online","url":"http://localhost:9001","responseTime":17,"lastCheck":"2025-09-24T03:42:13.807Z"}
[2025-09-24T03:42:13.808Z] [p2p-server-P2] [INFO] Health check completed | {"overallHealth":"healthy","responseTime":19,"failedChecks":0}
[2025-09-24T03:42:21.874Z] [p2p-server-P2] [INFO] 127.0.0.1 - - [24/Sep/2025:03:42:21 +0000] "GET /ping HTTP/1.1" 200 71 "-" "axios/1.12.2"
[2025-09-24T03:42:29.570Z] [p2p-server-P2] [INFO] 127.0.0.1 - - [24/Sep/2025:03:42:29 +0000] "GET /ping HTTP/1.1" 200 71 "-" "axios/1.12.2"
[2025-09-24T03:42:43.799Z] [p2p-server-P2] [DEBUG] Making GET request to http://localhost:9000/health | {"data":null,"headers":{}}
[2025-09-24T03:42:43.798Z] [p2p-server-P2] [INFO] Starting comprehensive health check
[2025-09-24T03:42:43.800Z] [p2p-server-P2] [DEBUG] Making GET request to http://localhost:9005/ping | {"data":null,"headers":{}}
[2025-09-24T03:42:43.800Z] [p2p-server-P2] [DEBUG] Making GET request to http://localhost:9001/ping | {"data":null,"headers":{}}
[2025-09-24T03:42:43.803Z] [p2p-server-P2] [DEBUG] Self health check completed | {"status":"healthy","sharedDirectory":{"path":"./shared-files/peer2","exists":true,"readable":true},"restPort":9003,"grpcPort":9004,"lastCheck":"2025-09-24T03:42:43.803Z"}
[2025-09-24T03:42:43.806Z] [p2p-server-P2] [DEBUG] Request successful | {"status":200,"data":{"status":"ok","message":"Directory server is healthy","timestamp":"2025-09-24T03:42:43.805Z"}}
[2025-09-24T03:42:43.806Z] [p2p-server-P2] [DEBUG] Directory server check completed | {"status":"healthy","url":"http://localhost:9000","responseTime":8,"lastCheck":"2025-09-24T03:42:43.806Z"}
[2025-09-24T03:42:43.807Z] [p2p-server-P2] [DEBUG] Friend primary check completed | {"status":"online","url":"http://localhost:9005","responseTime":8,"lastCheck":"2025-09-24T03:42:43.807Z"}
[2025-09-24T03:42:43.807Z] [p2p-server-P2] [DEBUG] Request successful | {"status":200,"data":{"message":"pong","timestamp":"2025-09-24T03:42:43.805Z","peerId":"P3"}}
[2025-09-24T03:42:43.808Z] [p2p-server-P2] [DEBUG] Request successful | {"status":200,"data":{"message":"pong","timestamp":"2025-09-24T03:42:43.805Z","peerId":"P1"}}
[2025-09-24T03:42:43.808Z] [p2p-server-P2] [INFO] Health check completed | {"overallHealth":"healthy","responseTime":10,"failedChecks":0}
[2025-09-24T03:42:43.808Z] [p2p-server-P2] [DEBUG] Friend backup check completed | {"status":"online","url":"http://localhost:9001","responseTime":8,"lastCheck":"2025-09-24T03:42:43.808Z"}
[2025-09-24T03:42:51.881Z] [p2p-server-P2] [INFO] 127.0.0.1 - - [24/Sep/2025:03:42:51 +0000] "GET /ping HTTP/1.1" 200 71 "-" "axios/1.12.2"
[2025-09-24T03:42:59.573Z] [p2p-server-P2] [INFO] 127.0.0.1 - - [24/Sep/2025:03:42:59 +0000] "GET /ping HTTP/1.1" 200 71 "-" "axios/1.12.2"
[2025-09-24T03:43:13.804Z] [p2p-server-P2] [INFO] Starting comprehensive health check
[2025-09-24T03:43:13.804Z] [p2p-server-P2] [DEBUG] Making GET request to http://localhost:9000/health | {"data":null,"headers":{}}
[2025-09-24T03:43:13.806Z] [p2p-server-P2] [DEBUG] Making GET request to http://localhost:9005/ping | {"data":null,"headers":{}}
[2025-09-24T03:43:13.807Z] [p2p-server-P2] [DEBUG] Making GET request to http://localhost:9001/ping | {"data":null,"headers":{}}
[2025-09-24T03:43:13.817Z] [p2p-server-P2] [DEBUG] Self health check completed | {"status":"healthy","sharedDirectory":{"path":"./shared-files/peer2","exists":true,"readable":true},"restPort":9003,"grpcPort":9004,"lastCheck":"2025-09-24T03:43:13.816Z"}
[2025-09-24T03:43:13.825Z] [p2p-server-P2] [DEBUG] Request successful | {"status":200,"data":{"status":"ok","message":"Directory server is healthy","timestamp":"2025-09-24T03:43:13.822Z"}}
[2025-09-24T03:43:13.826Z] [p2p-server-P2] [DEBUG] Directory server check completed | {"status":"healthy","url":"http://localhost:9000","responseTime":21,"lastCheck":"2025-09-24T03:43:13.825Z"}
[2025-09-24T03:43:13.828Z] [p2p-server-P2] [DEBUG] Request successful | {"status":200,"data":{"message":"pong","timestamp":"2025-09-24T03:43:13.823Z","peerId":"P3"}}
[2025-09-24T03:43:13.829Z] [p2p-server-P2] [DEBUG] Friend primary check completed | {"status":"online","url":"http://localhost:9005","responseTime":23,"lastCheck":"2025-09-24T03:43:13.829Z"}
[2025-09-24T03:43:13.831Z] [p2p-server-P2] [DEBUG] Friend backup check completed | {"status":"online","url":"http://localhost:9001","responseTime":24,"lastCheck":"2025-09-24T03:43:13.831Z"}
[2025-09-24T03:43:13.831Z] [p2p-server-P2] [DEBUG] Request successful | {"status":200,"data":{"message":"pong","timestamp":"2025-09-24T03:43:13.823Z","peerId":"P1"}}
[2025-09-24T03:43:13.833Z] [p2p-server-P2] [INFO] Health check completed | {"overallHealth":"healthy","responseTime":28,"failedChecks":0}
[2025-09-24T03:43:21.885Z] [p2p-server-P2] [INFO] 127.0.0.1 - - [24/Sep/2025:03:43:21 +0000] "GET /ping HTTP/1.1" 200 71 "-" "axios/1.12.2"
[2025-09-24T03:43:29.579Z] [p2p-server-P2] [INFO] 127.0.0.1 - - [24/Sep/2025:03:43:29 +0000] "GET /ping HTTP/1.1" 200 71 "-" "axios/1.12.2"
[2025-09-24T03:43:43.812Z] [p2p-server-P2] [INFO] Starting comprehensive health check
[2025-09-24T03:43:43.813Z] [p2p-server-P2] [DEBUG] Making GET request to http://localhost:9000/health | {"data":null,"headers":{}}
[2025-09-24T03:43:43.814Z] [p2p-server-P2] [DEBUG] Making GET request to http://localhost:9005/ping | {"data":null,"headers":{}}
[2025-09-24T03:43:43.814Z] [p2p-server-P2] [DEBUG] Making GET request to http://localhost:9001/ping | {"data":null,"headers":{}}
[2025-09-24T03:43:43.817Z] [p2p-server-P2] [DEBUG] Self health check completed | {"status":"healthy","sharedDirectory":{"path":"./shared-files/peer2","exists":true,"readable":true},"restPort":9003,"grpcPort":9004,"lastCheck":"2025-09-24T03:43:43.817Z"}
[2025-09-24T03:43:43.819Z] [p2p-server-P2] [DEBUG] Request successful | {"status":200,"data":{"message":"pong","timestamp":"2025-09-24T03:43:43.818Z","peerId":"P3"}}
[2025-09-24T03:43:43.819Z] [p2p-server-P2] [DEBUG] Friend primary check completed | {"status":"online","url":"http://localhost:9005","responseTime":5,"lastCheck":"2025-09-24T03:43:43.819Z"}
[2025-09-24T03:43:43.820Z] [p2p-server-P2] [DEBUG] Request successful | {"status":200,"data":{"message":"pong","timestamp":"2025-09-24T03:43:43.819Z","peerId":"P1"}}
[2025-09-24T03:43:43.820Z] [p2p-server-P2] [DEBUG] Friend backup check completed | {"status":"online","url":"http://localhost:9001","responseTime":6,"lastCheck":"2025-09-24T03:43:43.820Z"}
[2025-09-24T03:43:43.820Z] [p2p-server-P2] [DEBUG] Request successful | {"status":200,"data":{"status":"ok","message":"Directory server is healthy","timestamp":"2025-09-24T03:43:43.819Z"}}
[2025-09-24T03:43:43.821Z] [p2p-server-P2] [DEBUG] Directory server check completed | {"status":"healthy","url":"http://localhost:9000","responseTime":7,"lastCheck":"2025-09-24T03:43:43.820Z"}
[2025-09-24T03:43:43.821Z] [p2p-server-P2] [INFO] Health check completed | {"overallHealth":"healthy","responseTime":8,"failedChecks":0}
[2025-09-24T03:43:51.885Z] [p2p-server-P2] [INFO] 127.0.0.1 - - [24/Sep/2025:03:43:51 +0000] "GET /ping HTTP/1.1" 200 71 "-" "axios/1.12.2"
[2025-09-24T03:43:59.026Z] [p2p-server-P2] [INFO] Deteniendo el servidor P2P...
[2025-09-24T03:46:10.530Z] [p2p-server-P2] [INFO] Servidor P2P inicializado exitosamente | {"peerId":"P2","restPort":9003,"grpcPort":9004,"sharedDirectory":"./shared-files/peer2"}
[2025-09-24T03:46:10.536Z] [p2p-server-P2] [INFO] Servidor P2P REST iniciado | {"port":9003,"ip":"0.0.0.0","url":"http://0.0.0.0:9003"}
[2025-09-24T03:46:12.567Z] [p2p-server-P2] [INFO] Starting periodic health checks | {"interval":30000}
[2025-09-24T03:46:32.464Z] [p2p-server-P2] [INFO] 127.0.0.1 - - [24/Sep/2025:03:46:32 +0000] "GET /ping HTTP/1.1" 200 71 "-" "axios/1.12.2"
[2025-09-24T03:46:42.581Z] [p2p-server-P2] [INFO] Starting comprehensive health check
[2025-09-24T03:46:42.582Z] [p2p-server-P2] [DEBUG] Making GET request to http://localhost:9000/health | {"data":null,"headers":{}}
[2025-09-24T03:46:42.587Z] [p2p-server-P2] [DEBUG] Making GET request to http://localhost:9005/ping | {"data":null,"headers":{}}
[2025-09-24T03:46:42.591Z] [p2p-server-P2] [DEBUG] Making GET request to http://localhost:9001/ping | {"data":null,"headers":{}}
[2025-09-24T03:46:42.609Z] [p2p-server-P2] [DEBUG] Self health check completed | {"status":"healthy","sharedDirectory":{"path":"./shared-files/peer2","exists":true,"readable":true},"restPort":9003,"grpcPort":9004,"lastCheck":"2025-09-24T03:46:42.609Z"}
[2025-09-24T03:46:42.617Z] [p2p-server-P2] [DEBUG] Request successful | {"status":200,"data":{"status":"ok","message":"Directory server is healthy","timestamp":"2025-09-24T03:46:42.612Z"}}
[2025-09-24T03:46:42.618Z] [p2p-server-P2] [DEBUG] Directory server check completed | {"status":"healthy","url":"http://localhost:9000","responseTime":36,"lastCheck":"2025-09-24T03:46:42.617Z"}
[2025-09-24T03:46:42.623Z] [p2p-server-P2] [DEBUG] Request successful | {"status":200,"data":{"message":"pong","timestamp":"2025-09-24T03:46:42.614Z","peerId":"P3"}}
[2025-09-24T03:46:42.623Z] [p2p-server-P2] [DEBUG] Friend primary check completed | {"status":"online","url":"http://localhost:9005","responseTime":36,"lastCheck":"2025-09-24T03:46:42.623Z"}
[2025-09-24T03:46:42.628Z] [p2p-server-P2] [DEBUG] Request successful | {"status":200,"data":{"message":"pong","timestamp":"2025-09-24T03:46:42.623Z","peerId":"P1"}}
[2025-09-24T03:46:42.628Z] [p2p-server-P2] [DEBUG] Friend backup check completed | {"status":"online","url":"http://localhost:9001","responseTime":38,"lastCheck":"2025-09-24T03:46:42.628Z"}
[2025-09-24T03:46:42.629Z] [p2p-server-P2] [INFO] Health check completed | {"overallHealth":"healthy","responseTime":48,"failedChecks":0}
[2025-09-24T03:46:56.334Z] [p2p-server-P2] [INFO] 127.0.0.1 - - [24/Sep/2025:03:46:56 +0000] "GET /ping HTTP/1.1" 200 71 "-" "axios/1.12.2"
[2025-09-24T03:47:02.477Z] [p2p-server-P2] [INFO] 127.0.0.1 - - [24/Sep/2025:03:47:02 +0000] "GET /ping HTTP/1.1" 200 71 "-" "axios/1.12.2"
[2025-09-24T03:47:12.585Z] [p2p-server-P2] [INFO] Starting comprehensive health check
[2025-09-24T03:47:12.586Z] [p2p-server-P2] [DEBUG] Making GET request to http://localhost:9000/health | {"data":null,"headers":{}}
[2025-09-24T03:47:12.586Z] [p2p-server-P2] [DEBUG] Making GET request to http://localhost:9005/ping | {"data":null,"headers":{}}
[2025-09-24T03:47:12.587Z] [p2p-server-P2] [DEBUG] Making GET request to http://localhost:9001/ping | {"data":null,"headers":{}}
[2025-09-24T03:47:12.591Z] [p2p-server-P2] [DEBUG] Self health check completed | {"status":"healthy","sharedDirectory":{"path":"./shared-files/peer2","exists":true,"readable":true},"restPort":9003,"grpcPort":9004,"lastCheck":"2025-09-24T03:47:12.591Z"}
[2025-09-24T03:47:12.594Z] [p2p-server-P2] [DEBUG] Request successful | {"status":200,"data":{"status":"ok","message":"Directory server is healthy","timestamp":"2025-09-24T03:47:12.591Z"}}
[2025-09-24T03:47:12.594Z] [p2p-server-P2] [DEBUG] Directory server check completed | {"status":"healthy","url":"http://localhost:9000","responseTime":9,"lastCheck":"2025-09-24T03:47:12.594Z"}
[2025-09-24T03:47:12.597Z] [p2p-server-P2] [DEBUG] Friend primary check completed | {"status":"online","url":"http://localhost:9005","responseTime":11,"lastCheck":"2025-09-24T03:47:12.597Z"}
[2025-09-24T03:47:12.599Z] [p2p-server-P2] [DEBUG] Friend backup check completed | {"status":"online","url":"http://localhost:9001","responseTime":12,"lastCheck":"2025-09-24T03:47:12.599Z"}
[2025-09-24T03:47:12.599Z] [p2p-server-P2] [INFO] Health check completed | {"overallHealth":"healthy","responseTime":14,"failedChecks":0}
[2025-09-24T03:47:12.597Z] [p2p-server-P2] [DEBUG] Request successful | {"status":200,"data":{"message":"pong","timestamp":"2025-09-24T03:47:12.592Z","peerId":"P3"}}
[2025-09-24T03:47:12.599Z] [p2p-server-P2] [DEBUG] Request successful | {"status":200,"data":{"message":"pong","timestamp":"2025-09-24T03:47:12.593Z","peerId":"P1"}}
[2025-09-24T03:47:26.316Z] [p2p-server-P2] [INFO] 127.0.0.1 - - [24/Sep/2025:03:47:26 +0000] "GET /ping HTTP/1.1" 200 71 "-" "axios/1.12.2"
[2025-09-24T03:47:32.491Z] [p2p-server-P2] [INFO] 127.0.0.1 - - [24/Sep/2025:03:47:32 +0000] "GET /ping HTTP/1.1" 200 71 "-" "axios/1.12.2"
[2025-09-24T03:47:42.600Z] [p2p-server-P2] [INFO] Starting comprehensive health check
[2025-09-24T03:47:42.601Z] [p2p-server-P2] [DEBUG] Making GET request to http://localhost:9000/health | {"data":null,"headers":{}}
[2025-09-24T03:47:42.601Z] [p2p-server-P2] [DEBUG] Making GET request to http://localhost:9005/ping | {"data":null,"headers":{}}
[2025-09-24T03:47:42.602Z] [p2p-server-P2] [DEBUG] Making GET request to http://localhost:9001/ping | {"data":null,"headers":{}}
[2025-09-24T03:47:42.605Z] [p2p-server-P2] [DEBUG] Self health check completed | {"status":"healthy","sharedDirectory":{"path":"./shared-files/peer2","exists":true,"readable":true},"restPort":9003,"grpcPort":9004,"lastCheck":"2025-09-24T03:47:42.604Z"}
[2025-09-24T03:47:42.608Z] [p2p-server-P2] [DEBUG] Request successful | {"status":200,"data":{"status":"ok","message":"Directory server is healthy","timestamp":"2025-09-24T03:47:42.607Z"}}
[2025-09-24T03:47:42.608Z] [p2p-server-P2] [DEBUG] Directory server check completed | {"status":"healthy","url":"http://localhost:9000","responseTime":7,"lastCheck":"2025-09-24T03:47:42.608Z"}
[2025-09-24T03:47:42.609Z] [p2p-server-P2] [DEBUG] Request successful | {"status":200,"data":{"message":"pong","timestamp":"2025-09-24T03:47:42.607Z","peerId":"P1"}}
[2025-09-24T03:47:42.609Z] [p2p-server-P2] [DEBUG] Friend backup check completed | {"status":"online","url":"http://localhost:9001","responseTime":7,"lastCheck":"2025-09-24T03:47:42.609Z"}
[2025-09-24T03:47:42.610Z] [p2p-server-P2] [DEBUG] Friend primary check completed | {"status":"online","url":"http://localhost:9005","responseTime":9,"lastCheck":"2025-09-24T03:47:42.610Z"}
[2025-09-24T03:47:42.610Z] [p2p-server-P2] [DEBUG] Request successful | {"status":200,"data":{"message":"pong","timestamp":"2025-09-24T03:47:42.607Z","peerId":"P3"}}
[2025-09-24T03:47:42.610Z] [p2p-server-P2] [INFO] Health check completed | {"overallHealth":"healthy","responseTime":10,"failedChecks":0}
[2025-09-24T03:47:56.311Z] [p2p-server-P2] [INFO] 127.0.0.1 - - [24/Sep/2025:03:47:56 +0000] "GET /ping HTTP/1.1" 200 71 "-" "axios/1.12.2"
[2025-09-24T03:48:02.485Z] [p2p-server-P2] [INFO] 127.0.0.1 - - [24/Sep/2025:03:48:02 +0000] "GET /ping HTTP/1.1" 200 71 "-" "axios/1.12.2"
[2025-09-24T03:48:12.605Z] [p2p-server-P2] [INFO] Starting comprehensive health check
[2025-09-24T03:48:12.605Z] [p2p-server-P2] [DEBUG] Making GET request to http://localhost:9000/health | {"data":null,"headers":{}}
[2025-09-24T03:48:12.606Z] [p2p-server-P2] [DEBUG] Making GET request to http://localhost:9005/ping | {"data":null,"headers":{}}
[2025-09-24T03:48:12.606Z] [p2p-server-P2] [DEBUG] Making GET request to http://localhost:9001/ping | {"data":null,"headers":{}}
[2025-09-24T03:48:12.610Z] [p2p-server-P2] [DEBUG] Self health check completed | {"status":"healthy","sharedDirectory":{"path":"./shared-files/peer2","exists":true,"readable":true},"restPort":9003,"grpcPort":9004,"lastCheck":"2025-09-24T03:48:12.610Z"}
[2025-09-24T03:48:12.612Z] [p2p-server-P2] [DEBUG] Request successful | {"status":200,"data":{"status":"ok","message":"Directory server is healthy","timestamp":"2025-09-24T03:48:12.611Z"}}
[2025-09-24T03:48:12.612Z] [p2p-server-P2] [DEBUG] Directory server check completed | {"status":"healthy","url":"http://localhost:9000","responseTime":7,"lastCheck":"2025-09-24T03:48:12.612Z"}
[2025-09-24T03:48:12.613Z] [p2p-server-P2] [DEBUG] Request successful | {"status":200,"data":{"message":"pong","timestamp":"2025-09-24T03:48:12.611Z","peerId":"P3"}}
[2025-09-24T03:48:12.613Z] [p2p-server-P2] [DEBUG] Friend primary check completed | {"status":"online","url":"http://localhost:9005","responseTime":8,"lastCheck":"2025-09-24T03:48:12.613Z"}
[2025-09-24T03:48:12.614Z] [p2p-server-P2] [DEBUG] Friend backup check completed | {"status":"online","url":"http://localhost:9001","responseTime":8,"lastCheck":"2025-09-24T03:48:12.614Z"}
[2025-09-24T03:48:12.614Z] [p2p-server-P2] [DEBUG] Request successful | {"status":200,"data":{"message":"pong","timestamp":"2025-09-24T03:48:12.612Z","peerId":"P1"}}
[2025-09-24T03:48:12.614Z] [p2p-server-P2] [INFO] Health check completed | {"overallHealth":"healthy","responseTime":9,"failedChecks":0}
[2025-09-24T03:48:26.327Z] [p2p-server-P2] [INFO] 127.0.0.1 - - [24/Sep/2025:03:48:26 +0000] "GET /ping HTTP/1.1" 200 71 "-" "axios/1.12.2"
[2025-09-24T03:48:32.507Z] [p2p-server-P2] [INFO] 127.0.0.1 - - [24/Sep/2025:03:48:32 +0000] "GET /ping HTTP/1.1" 200 71 "-" "axios/1.12.2"
[2025-09-24T03:48:35.540Z] [p2p-server-P2] [INFO] 127.0.0.1 - - [24/Sep/2025:03:48:35 +0000] "GET /download/sample3.txt?includeContent=true&includeMetadata=true&validateHash=false HTTP/1.1" 404 93 "-" "Mozilla/5.0 (Windows NT 10.0; Win64; x64) AppleWebKit/537.36 (KHTML, like Gecko) Chrome/137.0.0.0 Safari/537.36 OPR/121.0.0.0"
[2025-09-24T03:48:42.610Z] [p2p-server-P2] [INFO] Starting comprehensive health check
[2025-09-24T03:48:42.610Z] [p2p-server-P2] [DEBUG] Making GET request to http://localhost:9000/health | {"data":null,"headers":{}}
[2025-09-24T03:48:42.612Z] [p2p-server-P2] [DEBUG] Making GET request to http://localhost:9005/ping | {"data":null,"headers":{}}
[2025-09-24T03:48:42.613Z] [p2p-server-P2] [DEBUG] Making GET request to http://localhost:9001/ping | {"data":null,"headers":{}}
[2025-09-24T03:48:42.619Z] [p2p-server-P2] [DEBUG] Self health check completed | {"status":"healthy","sharedDirectory":{"path":"./shared-files/peer2","exists":true,"readable":true},"restPort":9003,"grpcPort":9004,"lastCheck":"2025-09-24T03:48:42.619Z"}
[2025-09-24T03:48:42.624Z] [p2p-server-P2] [DEBUG] Request successful | {"status":200,"data":{"status":"ok","message":"Directory server is healthy","timestamp":"2025-09-24T03:48:42.621Z"}}
[2025-09-24T03:48:42.625Z] [p2p-server-P2] [DEBUG] Directory server check completed | {"status":"healthy","url":"http://localhost:9000","responseTime":14,"lastCheck":"2025-09-24T03:48:42.624Z"}
[2025-09-24T03:48:42.627Z] [p2p-server-P2] [DEBUG] Friend primary check completed | {"status":"online","url":"http://localhost:9005","responseTime":16,"lastCheck":"2025-09-24T03:48:42.627Z"}
[2025-09-24T03:48:42.627Z] [p2p-server-P2] [DEBUG] Request successful | {"status":200,"data":{"message":"pong","timestamp":"2025-09-24T03:48:42.622Z","peerId":"P3"}}
[2025-09-24T03:48:42.629Z] [p2p-server-P2] [DEBUG] Friend backup check completed | {"status":"online","url":"http://localhost:9001","responseTime":16,"lastCheck":"2025-09-24T03:48:42.628Z"}
[2025-09-24T03:48:42.629Z] [p2p-server-P2] [INFO] Health check completed | {"overallHealth":"healthy","responseTime":19,"failedChecks":0}
[2025-09-24T03:48:42.628Z] [p2p-server-P2] [DEBUG] Request successful | {"status":200,"data":{"message":"pong","timestamp":"2025-09-24T03:48:42.623Z","peerId":"P1"}}
[2025-09-24T03:48:56.328Z] [p2p-server-P2] [INFO] 127.0.0.1 - - [24/Sep/2025:03:48:56 +0000] "GET /ping HTTP/1.1" 200 71 "-" "axios/1.12.2"
[2025-09-24T03:49:02.495Z] [p2p-server-P2] [INFO] 127.0.0.1 - - [24/Sep/2025:03:49:02 +0000] "GET /ping HTTP/1.1" 200 71 "-" "axios/1.12.2"
[2025-09-24T03:49:12.611Z] [p2p-server-P2] [INFO] Starting comprehensive health check
[2025-09-24T03:49:12.611Z] [p2p-server-P2] [DEBUG] Making GET request to http://localhost:9000/health | {"data":null,"headers":{}}
[2025-09-24T03:49:12.612Z] [p2p-server-P2] [DEBUG] Making GET request to http://localhost:9005/ping | {"data":null,"headers":{}}
[2025-09-24T03:49:12.613Z] [p2p-server-P2] [DEBUG] Making GET request to http://localhost:9001/ping | {"data":null,"headers":{}}
[2025-09-24T03:49:12.616Z] [p2p-server-P2] [DEBUG] Self health check completed | {"status":"healthy","sharedDirectory":{"path":"./shared-files/peer2","exists":true,"readable":true},"restPort":9003,"grpcPort":9004,"lastCheck":"2025-09-24T03:49:12.616Z"}
[2025-09-24T03:49:12.619Z] [p2p-server-P2] [DEBUG] Request successful | {"status":200,"data":{"status":"ok","message":"Directory server is healthy","timestamp":"2025-09-24T03:49:12.618Z"}}
[2025-09-24T03:49:12.619Z] [p2p-server-P2] [DEBUG] Directory server check completed | {"status":"healthy","url":"http://localhost:9000","responseTime":8,"lastCheck":"2025-09-24T03:49:12.619Z"}
[2025-09-24T03:49:12.620Z] [p2p-server-P2] [DEBUG] Friend primary check completed | {"status":"online","url":"http://localhost:9005","responseTime":8,"lastCheck":"2025-09-24T03:49:12.620Z"}
[2025-09-24T03:49:12.621Z] [p2p-server-P2] [DEBUG] Friend backup check completed | {"status":"online","url":"http://localhost:9001","responseTime":8,"lastCheck":"2025-09-24T03:49:12.621Z"}
[2025-09-24T03:49:12.620Z] [p2p-server-P2] [DEBUG] Request successful | {"status":200,"data":{"message":"pong","timestamp":"2025-09-24T03:49:12.618Z","peerId":"P3"}}
[2025-09-24T03:49:12.622Z] [p2p-server-P2] [INFO] Health check completed | {"overallHealth":"healthy","responseTime":11,"failedChecks":0}
[2025-09-24T03:49:12.621Z] [p2p-server-P2] [DEBUG] Request successful | {"status":200,"data":{"message":"pong","timestamp":"2025-09-24T03:49:12.618Z","peerId":"P1"}}
